19-Feb-2018 11:57:13.516 INFOS [main] org.apache.catalina.startup.VersionLoggerListener.log Server version:        Apache Tomcat/8.0.46
19-Feb-2018 11:57:13.522 INFOS [main] org.apache.catalina.startup.VersionLoggerListener.log Server built:          Aug 10 2017 10:10:31 UTC
19-Feb-2018 11:57:13.523 INFOS [main] org.apache.catalina.startup.VersionLoggerListener.log Server number:         8.0.46.0
19-Feb-2018 11:57:13.523 INFOS [main] org.apache.catalina.startup.VersionLoggerListener.log OS Name:               Linux
19-Feb-2018 11:57:13.523 INFOS [main] org.apache.catalina.startup.VersionLoggerListener.log OS Version:            3.16.0-5-amd64
19-Feb-2018 11:57:13.523 INFOS [main] org.apache.catalina.startup.VersionLoggerListener.log Architecture:          amd64
19-Feb-2018 11:57:13.523 INFOS [main] org.apache.catalina.startup.VersionLoggerListener.log Java Home:             /usr/lib/jvm/jdk-8-oracle-x64/jre
19-Feb-2018 11:57:13.523 INFOS [main] org.apache.catalina.startup.VersionLoggerListener.log JVM Version:           1.8.0_71-b15
19-Feb-2018 11:57:13.523 INFOS [main] org.apache.catalina.startup.VersionLoggerListener.log JVM Vendor:            Oracle Corporation
19-Feb-2018 11:57:13.523 INFOS [main] org.apache.catalina.startup.VersionLoggerListener.log CATALINA_BASE:         /home/infoetu/lamboisa/S5/adbdd/apache-tomcat-8.0.46
19-Feb-2018 11:57:13.523 INFOS [main] org.apache.catalina.startup.VersionLoggerListener.log CATALINA_HOME:         /home/infoetu/lamboisa/S5/adbdd/apache-tomcat-8.0.46
19-Feb-2018 11:57:13.524 INFOS [main] org.apache.catalina.startup.VersionLoggerListener.log Command line argument: -Djava.util.logging.config.file=/home/infoetu/lamboisa/S5/adbdd/apache-tomcat-8.0.46/conf/logging.properties
19-Feb-2018 11:57:13.524 INFOS [main] org.apache.catalina.startup.VersionLoggerListener.log Command line argument: -Djava.util.logging.manager=org.apache.juli.ClassLoaderLogManager
19-Feb-2018 11:57:13.524 INFOS [main] org.apache.catalina.startup.VersionLoggerListener.log Command line argument: -Djdk.tls.ephemeralDHKeySize=2048
19-Feb-2018 11:57:13.524 INFOS [main] org.apache.catalina.startup.VersionLoggerListener.log Command line argument: -Djava.protocol.handler.pkgs=org.apache.catalina.webresources
19-Feb-2018 11:57:13.524 INFOS [main] org.apache.catalina.startup.VersionLoggerListener.log Command line argument: -Djava.endorsed.dirs=/home/infoetu/lamboisa/S5/adbdd/apache-tomcat-8.0.46/endorsed
19-Feb-2018 11:57:13.524 INFOS [main] org.apache.catalina.startup.VersionLoggerListener.log Command line argument: -Dcatalina.base=/home/infoetu/lamboisa/S5/adbdd/apache-tomcat-8.0.46
19-Feb-2018 11:57:13.524 INFOS [main] org.apache.catalina.startup.VersionLoggerListener.log Command line argument: -Dcatalina.home=/home/infoetu/lamboisa/S5/adbdd/apache-tomcat-8.0.46
19-Feb-2018 11:57:13.524 INFOS [main] org.apache.catalina.startup.VersionLoggerListener.log Command line argument: -Djava.io.tmpdir=/home/infoetu/lamboisa/S5/adbdd/apache-tomcat-8.0.46/temp
19-Feb-2018 11:57:13.524 INFOS [main] org.apache.catalina.core.AprLifecycleListener.lifecycleEvent The APR based Apache Tomcat Native library which allows optimal performance in production environments was not found on the java.library.path: /usr/java/packages/lib/amd64:/usr/lib64:/lib64:/lib:/usr/lib
19-Feb-2018 11:57:13.696 INFOS [main] org.apache.coyote.AbstractProtocol.init Initializing ProtocolHandler ["http-nio-8080"]
19-Feb-2018 11:57:13.715 INFOS [main] org.apache.tomcat.util.net.NioSelectorPool.getSharedSelector Using a shared selector for servlet write/read
19-Feb-2018 11:57:13.717 INFOS [main] org.apache.coyote.AbstractProtocol.init Initializing ProtocolHandler ["ajp-nio-8009"]
19-Feb-2018 11:57:13.718 INFOS [main] org.apache.tomcat.util.net.NioSelectorPool.getSharedSelector Using a shared selector for servlet write/read
19-Feb-2018 11:57:13.718 INFOS [main] org.apache.catalina.startup.Catalina.load Initialization processed in 645 ms
19-Feb-2018 11:57:13.752 INFOS [main] org.apache.catalina.core.StandardService.startInternal Démarrage du service Catalina
19-Feb-2018 11:57:13.752 INFOS [main] org.apache.catalina.core.StandardEngine.startInternal Starting Servlet Engine: Apache Tomcat/8.0.46
19-Feb-2018 11:57:13.790 INFOS [localhost-startStop-1] org.apache.catalina.startup.HostConfig.deployWAR Déploiement de l'archive /home/infoetu/lamboisa/S5/adbdd/apache-tomcat-8.0.46/webapps/videEvolue.war de l'application web
19-Feb-2018 11:57:13.985 AVERTISSEMENT [localhost-startStop-1] org.apache.tomcat.util.descriptor.web.WebXml.setVersion Unknown version string [4.0]. Default version will be used.
19-Feb-2018 11:57:14.118 INFOS [localhost-startStop-1] org.apache.jasper.servlet.TldScanner.scanJars At least one JAR was scanned for TLDs yet contained no TLDs. Enable debug logging for this logger for a complete list of JARs that were scanned but no TLDs were found in them. Skipping unneeded JARs during scanning can improve startup time and JSP compilation time.
19-Feb-2018 11:57:14.179 INFOS [localhost-startStop-1] org.apache.catalina.startup.HostConfig.deployWAR Deployment of web application archive /home/infoetu/lamboisa/S5/adbdd/apache-tomcat-8.0.46/webapps/videEvolue.war has finished in 387 ms
19-Feb-2018 11:57:14.180 INFOS [localhost-startStop-1] org.apache.catalina.startup.HostConfig.deployDirectory Déploiement du répertoire /home/infoetu/lamboisa/S5/adbdd/apache-tomcat-8.0.46/webapps/ROOT de l'application web
19-Feb-2018 11:57:14.253 INFOS [localhost-startStop-1] org.apache.jasper.servlet.TldScanner.scanJars At least one JAR was scanned for TLDs yet contained no TLDs. Enable debug logging for this logger for a complete list of JARs that were scanned but no TLDs were found in them. Skipping unneeded JARs during scanning can improve startup time and JSP compilation time.
19-Feb-2018 11:57:14.255 INFOS [localhost-startStop-1] org.apache.catalina.startup.HostConfig.deployDirectory Deployment of web application directory /home/infoetu/lamboisa/S5/adbdd/apache-tomcat-8.0.46/webapps/ROOT has finished in 75 ms
19-Feb-2018 11:57:14.255 INFOS [localhost-startStop-1] org.apache.catalina.startup.HostConfig.deployDirectory Déploiement du répertoire /home/infoetu/lamboisa/S5/adbdd/apache-tomcat-8.0.46/webapps/TweetBook de l'application web
19-Feb-2018 11:57:14.264 AVERTISSEMENT [localhost-startStop-1] org.apache.tomcat.util.digester.SetPropertiesRule.begin [SetPropertiesRule]{Context/Realm} Setting property 'debug' to '99' did not find a matching property.
19-Feb-2018 11:57:14.339 INFOS [localhost-startStop-1] org.apache.jasper.servlet.TldScanner.scanJars At least one JAR was scanned for TLDs yet contained no TLDs. Enable debug logging for this logger for a complete list of JARs that were scanned but no TLDs were found in them. Skipping unneeded JARs during scanning can improve startup time and JSP compilation time.
19-Feb-2018 11:57:14.350 INFOS [localhost-startStop-1] org.apache.catalina.startup.HostConfig.deployDirectory Deployment of web application directory /home/infoetu/lamboisa/S5/adbdd/apache-tomcat-8.0.46/webapps/TweetBook has finished in 95 ms
19-Feb-2018 11:57:14.350 INFOS [localhost-startStop-1] org.apache.catalina.startup.HostConfig.deployDirectory Déploiement du répertoire /home/infoetu/lamboisa/S5/adbdd/apache-tomcat-8.0.46/webapps/docs de l'application web
19-Feb-2018 11:57:14.410 INFOS [localhost-startStop-1] org.apache.jasper.servlet.TldScanner.scanJars At least one JAR was scanned for TLDs yet contained no TLDs. Enable debug logging for this logger for a complete list of JARs that were scanned but no TLDs were found in them. Skipping unneeded JARs during scanning can improve startup time and JSP compilation time.
19-Feb-2018 11:57:14.412 INFOS [localhost-startStop-1] org.apache.catalina.startup.HostConfig.deployDirectory Deployment of web application directory /home/infoetu/lamboisa/S5/adbdd/apache-tomcat-8.0.46/webapps/docs has finished in 62 ms
19-Feb-2018 11:57:14.412 INFOS [localhost-startStop-1] org.apache.catalina.startup.HostConfig.deployDirectory Déploiement du répertoire /home/infoetu/lamboisa/S5/adbdd/apache-tomcat-8.0.46/webapps/manager de l'application web
19-Feb-2018 11:57:14.471 INFOS [localhost-startStop-1] org.apache.jasper.servlet.TldScanner.scanJars At least one JAR was scanned for TLDs yet contained no TLDs. Enable debug logging for this logger for a complete list of JARs that were scanned but no TLDs were found in them. Skipping unneeded JARs during scanning can improve startup time and JSP compilation time.
19-Feb-2018 11:57:14.477 INFOS [localhost-startStop-1] org.apache.catalina.startup.HostConfig.deployDirectory Deployment of web application directory /home/infoetu/lamboisa/S5/adbdd/apache-tomcat-8.0.46/webapps/manager has finished in 65 ms
19-Feb-2018 11:57:14.477 INFOS [localhost-startStop-1] org.apache.catalina.startup.HostConfig.deployDirectory Déploiement du répertoire /home/infoetu/lamboisa/S5/adbdd/apache-tomcat-8.0.46/webapps/bin de l'application web
19-Feb-2018 11:57:14.530 INFOS [localhost-startStop-1] org.apache.jasper.servlet.TldScanner.scanJars At least one JAR was scanned for TLDs yet contained no TLDs. Enable debug logging for this logger for a complete list of JARs that were scanned but no TLDs were found in them. Skipping unneeded JARs during scanning can improve startup time and JSP compilation time.
19-Feb-2018 11:57:14.532 INFOS [localhost-startStop-1] org.apache.catalina.startup.HostConfig.deployDirectory Deployment of web application directory /home/infoetu/lamboisa/S5/adbdd/apache-tomcat-8.0.46/webapps/bin has finished in 55 ms
19-Feb-2018 11:57:14.533 INFOS [localhost-startStop-1] org.apache.catalina.startup.HostConfig.deployDirectory Déploiement du répertoire /home/infoetu/lamboisa/S5/adbdd/apache-tomcat-8.0.46/webapps/host-manager de l'application web
19-Feb-2018 11:57:14.591 INFOS [localhost-startStop-1] org.apache.jasper.servlet.TldScanner.scanJars At least one JAR was scanned for TLDs yet contained no TLDs. Enable debug logging for this logger for a complete list of JARs that were scanned but no TLDs were found in them. Skipping unneeded JARs during scanning can improve startup time and JSP compilation time.
19-Feb-2018 11:57:14.593 INFOS [localhost-startStop-1] org.apache.catalina.startup.HostConfig.deployDirectory Deployment of web application directory /home/infoetu/lamboisa/S5/adbdd/apache-tomcat-8.0.46/webapps/host-manager has finished in 61 ms
19-Feb-2018 11:57:14.594 INFOS [localhost-startStop-1] org.apache.catalina.startup.HostConfig.deployDirectory Déploiement du répertoire /home/infoetu/lamboisa/S5/adbdd/apache-tomcat-8.0.46/webapps/examples de l'application web
19-Feb-2018 11:57:14.926 INFOS [localhost-startStop-1] org.apache.jasper.servlet.TldScanner.scanJars At least one JAR was scanned for TLDs yet contained no TLDs. Enable debug logging for this logger for a complete list of JARs that were scanned but no TLDs were found in them. Skipping unneeded JARs during scanning can improve startup time and JSP compilation time.
19-Feb-2018 11:57:14.960 INFOS [localhost-startStop-1] org.apache.catalina.startup.HostConfig.deployDirectory Deployment of web application directory /home/infoetu/lamboisa/S5/adbdd/apache-tomcat-8.0.46/webapps/examples has finished in 366 ms
19-Feb-2018 11:57:14.963 INFOS [main] org.apache.coyote.AbstractProtocol.start Starting ProtocolHandler ["http-nio-8080"]
19-Feb-2018 11:57:14.967 INFOS [main] org.apache.coyote.AbstractProtocol.start Starting ProtocolHandler ["ajp-nio-8009"]
19-Feb-2018 11:57:14.968 INFOS [main] org.apache.catalina.startup.Catalina.start Server startup in 1249 ms
19-Feb-2018 12:08:00.032 INFOS [Thread-5] org.apache.coyote.AbstractProtocol.pause Pausing ProtocolHandler ["http-nio-8080"]
19-Feb-2018 12:08:00.084 INFOS [Thread-5] org.apache.coyote.AbstractProtocol.pause Pausing ProtocolHandler ["ajp-nio-8009"]
19-Feb-2018 12:08:00.135 INFOS [Thread-5] org.apache.catalina.core.StandardService.stopInternal Arrêt du service Catalina
19-Feb-2018 12:08:00.164 INFOS [Thread-5] org.apache.coyote.AbstractProtocol.stop Stopping ProtocolHandler ["http-nio-8080"]
19-Feb-2018 12:08:00.165 INFOS [Thread-5] org.apache.coyote.AbstractProtocol.stop Stopping ProtocolHandler ["ajp-nio-8009"]
19-Feb-2018 12:08:00.166 INFOS [Thread-5] org.apache.coyote.AbstractProtocol.destroy Destroying ProtocolHandler ["http-nio-8080"]
19-Feb-2018 12:08:00.166 INFOS [Thread-5] org.apache.coyote.AbstractProtocol.destroy Destroying ProtocolHandler ["ajp-nio-8009"]
19-Feb-2018 12:08:01.873 INFOS [main] org.apache.catalina.startup.VersionLoggerListener.log Server version:        Apache Tomcat/8.0.46
19-Feb-2018 12:08:01.874 INFOS [main] org.apache.catalina.startup.VersionLoggerListener.log Server built:          Aug 10 2017 10:10:31 UTC
19-Feb-2018 12:08:01.874 INFOS [main] org.apache.catalina.startup.VersionLoggerListener.log Server number:         8.0.46.0
19-Feb-2018 12:08:01.875 INFOS [main] org.apache.catalina.startup.VersionLoggerListener.log OS Name:               Linux
19-Feb-2018 12:08:01.875 INFOS [main] org.apache.catalina.startup.VersionLoggerListener.log OS Version:            3.16.0-5-amd64
19-Feb-2018 12:08:01.875 INFOS [main] org.apache.catalina.startup.VersionLoggerListener.log Architecture:          amd64
19-Feb-2018 12:08:01.875 INFOS [main] org.apache.catalina.startup.VersionLoggerListener.log Java Home:             /usr/lib/jvm/jdk-8-oracle-x64/jre
19-Feb-2018 12:08:01.875 INFOS [main] org.apache.catalina.startup.VersionLoggerListener.log JVM Version:           1.8.0_71-b15
19-Feb-2018 12:08:01.875 INFOS [main] org.apache.catalina.startup.VersionLoggerListener.log JVM Vendor:            Oracle Corporation
19-Feb-2018 12:08:01.875 INFOS [main] org.apache.catalina.startup.VersionLoggerListener.log CATALINA_BASE:         /home/infoetu/lamboisa/S5/adbdd/apache-tomcat-8.0.46
19-Feb-2018 12:08:01.875 INFOS [main] org.apache.catalina.startup.VersionLoggerListener.log CATALINA_HOME:         /home/infoetu/lamboisa/S5/adbdd/apache-tomcat-8.0.46
19-Feb-2018 12:08:01.875 INFOS [main] org.apache.catalina.startup.VersionLoggerListener.log Command line argument: -Djava.util.logging.config.file=/home/infoetu/lamboisa/S5/adbdd/apache-tomcat-8.0.46/conf/logging.properties
19-Feb-2018 12:08:01.876 INFOS [main] org.apache.catalina.startup.VersionLoggerListener.log Command line argument: -Djava.util.logging.manager=org.apache.juli.ClassLoaderLogManager
19-Feb-2018 12:08:01.876 INFOS [main] org.apache.catalina.startup.VersionLoggerListener.log Command line argument: -Djdk.tls.ephemeralDHKeySize=2048
19-Feb-2018 12:08:01.876 INFOS [main] org.apache.catalina.startup.VersionLoggerListener.log Command line argument: -Djava.protocol.handler.pkgs=org.apache.catalina.webresources
19-Feb-2018 12:08:01.876 INFOS [main] org.apache.catalina.startup.VersionLoggerListener.log Command line argument: -Djava.endorsed.dirs=/home/infoetu/lamboisa/S5/adbdd/apache-tomcat-8.0.46/endorsed
19-Feb-2018 12:08:01.876 INFOS [main] org.apache.catalina.startup.VersionLoggerListener.log Command line argument: -Dcatalina.base=/home/infoetu/lamboisa/S5/adbdd/apache-tomcat-8.0.46
19-Feb-2018 12:08:01.876 INFOS [main] org.apache.catalina.startup.VersionLoggerListener.log Command line argument: -Dcatalina.home=/home/infoetu/lamboisa/S5/adbdd/apache-tomcat-8.0.46
19-Feb-2018 12:08:01.876 INFOS [main] org.apache.catalina.startup.VersionLoggerListener.log Command line argument: -Djava.io.tmpdir=/home/infoetu/lamboisa/S5/adbdd/apache-tomcat-8.0.46/temp
19-Feb-2018 12:08:01.876 INFOS [main] org.apache.catalina.core.AprLifecycleListener.lifecycleEvent The APR based Apache Tomcat Native library which allows optimal performance in production environments was not found on the java.library.path: /usr/java/packages/lib/amd64:/usr/lib64:/lib64:/lib:/usr/lib
19-Feb-2018 12:08:01.979 INFOS [main] org.apache.coyote.AbstractProtocol.init Initializing ProtocolHandler ["http-nio-8080"]
19-Feb-2018 12:08:01.989 INFOS [main] org.apache.tomcat.util.net.NioSelectorPool.getSharedSelector Using a shared selector for servlet write/read
19-Feb-2018 12:08:01.991 INFOS [main] org.apache.coyote.AbstractProtocol.init Initializing ProtocolHandler ["ajp-nio-8009"]
19-Feb-2018 12:08:01.992 INFOS [main] org.apache.tomcat.util.net.NioSelectorPool.getSharedSelector Using a shared selector for servlet write/read
19-Feb-2018 12:08:01.992 INFOS [main] org.apache.catalina.startup.Catalina.load Initialization processed in 398 ms
19-Feb-2018 12:08:02.013 INFOS [main] org.apache.catalina.core.StandardService.startInternal Démarrage du service Catalina
19-Feb-2018 12:08:02.013 INFOS [main] org.apache.catalina.core.StandardEngine.startInternal Starting Servlet Engine: Apache Tomcat/8.0.46
19-Feb-2018 12:08:02.042 INFOS [localhost-startStop-1] org.apache.catalina.startup.HostConfig.deployWAR Déploiement de l'archive /home/infoetu/lamboisa/S5/adbdd/apache-tomcat-8.0.46/webapps/videEvolue.war de l'application web
19-Feb-2018 12:08:02.180 AVERTISSEMENT [localhost-startStop-1] org.apache.tomcat.util.descriptor.web.WebXml.setVersion Unknown version string [4.0]. Default version will be used.
19-Feb-2018 12:08:02.296 INFOS [localhost-startStop-1] org.apache.jasper.servlet.TldScanner.scanJars At least one JAR was scanned for TLDs yet contained no TLDs. Enable debug logging for this logger for a complete list of JARs that were scanned but no TLDs were found in them. Skipping unneeded JARs during scanning can improve startup time and JSP compilation time.
19-Feb-2018 12:08:02.342 INFOS [localhost-startStop-1] org.apache.catalina.startup.HostConfig.deployWAR Deployment of web application archive /home/infoetu/lamboisa/S5/adbdd/apache-tomcat-8.0.46/webapps/videEvolue.war has finished in 299 ms
19-Feb-2018 12:08:02.343 INFOS [localhost-startStop-1] org.apache.catalina.startup.HostConfig.deployDirectory Déploiement du répertoire /home/infoetu/lamboisa/S5/adbdd/apache-tomcat-8.0.46/webapps/ROOT de l'application web
19-Feb-2018 12:08:02.409 INFOS [localhost-startStop-1] org.apache.jasper.servlet.TldScanner.scanJars At least one JAR was scanned for TLDs yet contained no TLDs. Enable debug logging for this logger for a complete list of JARs that were scanned but no TLDs were found in them. Skipping unneeded JARs during scanning can improve startup time and JSP compilation time.
19-Feb-2018 12:08:02.411 INFOS [localhost-startStop-1] org.apache.catalina.startup.HostConfig.deployDirectory Deployment of web application directory /home/infoetu/lamboisa/S5/adbdd/apache-tomcat-8.0.46/webapps/ROOT has finished in 68 ms
19-Feb-2018 12:08:02.411 INFOS [localhost-startStop-1] org.apache.catalina.startup.HostConfig.deployDirectory Déploiement du répertoire /home/infoetu/lamboisa/S5/adbdd/apache-tomcat-8.0.46/webapps/TweetBook de l'application web
19-Feb-2018 12:08:02.417 AVERTISSEMENT [localhost-startStop-1] org.apache.tomcat.util.digester.SetPropertiesRule.begin [SetPropertiesRule]{Context/Realm} Setting property 'debug' to '99' did not find a matching property.
19-Feb-2018 12:08:02.483 INFOS [localhost-startStop-1] org.apache.jasper.servlet.TldScanner.scanJars At least one JAR was scanned for TLDs yet contained no TLDs. Enable debug logging for this logger for a complete list of JARs that were scanned but no TLDs were found in them. Skipping unneeded JARs during scanning can improve startup time and JSP compilation time.
19-Feb-2018 12:08:02.488 INFOS [localhost-startStop-1] org.apache.catalina.startup.HostConfig.deployDirectory Deployment of web application directory /home/infoetu/lamboisa/S5/adbdd/apache-tomcat-8.0.46/webapps/TweetBook has finished in 77 ms
19-Feb-2018 12:08:02.488 INFOS [localhost-startStop-1] org.apache.catalina.startup.HostConfig.deployDirectory Déploiement du répertoire /home/infoetu/lamboisa/S5/adbdd/apache-tomcat-8.0.46/webapps/docs de l'application web
19-Feb-2018 12:08:02.545 INFOS [localhost-startStop-1] org.apache.jasper.servlet.TldScanner.scanJars At least one JAR was scanned for TLDs yet contained no TLDs. Enable debug logging for this logger for a complete list of JARs that were scanned but no TLDs were found in them. Skipping unneeded JARs during scanning can improve startup time and JSP compilation time.
19-Feb-2018 12:08:02.547 INFOS [localhost-startStop-1] org.apache.catalina.startup.HostConfig.deployDirectory Deployment of web application directory /home/infoetu/lamboisa/S5/adbdd/apache-tomcat-8.0.46/webapps/docs has finished in 59 ms
19-Feb-2018 12:08:02.547 INFOS [localhost-startStop-1] org.apache.catalina.startup.HostConfig.deployDirectory Déploiement du répertoire /home/infoetu/lamboisa/S5/adbdd/apache-tomcat-8.0.46/webapps/manager de l'application web
19-Feb-2018 12:08:02.599 INFOS [localhost-startStop-1] org.apache.jasper.servlet.TldScanner.scanJars At least one JAR was scanned for TLDs yet contained no TLDs. Enable debug logging for this logger for a complete list of JARs that were scanned but no TLDs were found in them. Skipping unneeded JARs during scanning can improve startup time and JSP compilation time.
19-Feb-2018 12:08:02.603 INFOS [localhost-startStop-1] org.apache.catalina.startup.HostConfig.deployDirectory Deployment of web application directory /home/infoetu/lamboisa/S5/adbdd/apache-tomcat-8.0.46/webapps/manager has finished in 56 ms
19-Feb-2018 12:08:02.603 INFOS [localhost-startStop-1] org.apache.catalina.startup.HostConfig.deployDirectory Déploiement du répertoire /home/infoetu/lamboisa/S5/adbdd/apache-tomcat-8.0.46/webapps/bin de l'application web
19-Feb-2018 12:08:02.648 INFOS [localhost-startStop-1] org.apache.jasper.servlet.TldScanner.scanJars At least one JAR was scanned for TLDs yet contained no TLDs. Enable debug logging for this logger for a complete list of JARs that were scanned but no TLDs were found in them. Skipping unneeded JARs during scanning can improve startup time and JSP compilation time.
19-Feb-2018 12:08:02.657 INFOS [localhost-startStop-1] org.apache.catalina.startup.HostConfig.deployDirectory Deployment of web application directory /home/infoetu/lamboisa/S5/adbdd/apache-tomcat-8.0.46/webapps/bin has finished in 54 ms
19-Feb-2018 12:08:02.657 INFOS [localhost-startStop-1] org.apache.catalina.startup.HostConfig.deployDirectory Déploiement du répertoire /home/infoetu/lamboisa/S5/adbdd/apache-tomcat-8.0.46/webapps/host-manager de l'application web
19-Feb-2018 12:08:02.705 INFOS [localhost-startStop-1] org.apache.jasper.servlet.TldScanner.scanJars At least one JAR was scanned for TLDs yet contained no TLDs. Enable debug logging for this logger for a complete list of JARs that were scanned but no TLDs were found in them. Skipping unneeded JARs during scanning can improve startup time and JSP compilation time.
19-Feb-2018 12:08:02.707 INFOS [localhost-startStop-1] org.apache.catalina.startup.HostConfig.deployDirectory Deployment of web application directory /home/infoetu/lamboisa/S5/adbdd/apache-tomcat-8.0.46/webapps/host-manager has finished in 49 ms
19-Feb-2018 12:08:02.707 INFOS [localhost-startStop-1] org.apache.catalina.startup.HostConfig.deployDirectory Déploiement du répertoire /home/infoetu/lamboisa/S5/adbdd/apache-tomcat-8.0.46/webapps/examples de l'application web
19-Feb-2018 12:08:02.969 INFOS [localhost-startStop-1] org.apache.jasper.servlet.TldScanner.scanJars At least one JAR was scanned for TLDs yet contained no TLDs. Enable debug logging for this logger for a complete list of JARs that were scanned but no TLDs were found in them. Skipping unneeded JARs during scanning can improve startup time and JSP compilation time.
19-Feb-2018 12:08:02.999 INFOS [localhost-startStop-1] org.apache.catalina.startup.HostConfig.deployDirectory Deployment of web application directory /home/infoetu/lamboisa/S5/adbdd/apache-tomcat-8.0.46/webapps/examples has finished in 292 ms
19-Feb-2018 12:08:03.001 INFOS [main] org.apache.coyote.AbstractProtocol.start Starting ProtocolHandler ["http-nio-8080"]
19-Feb-2018 12:08:03.006 INFOS [main] org.apache.coyote.AbstractProtocol.start Starting ProtocolHandler ["ajp-nio-8009"]
19-Feb-2018 12:08:03.007 INFOS [main] org.apache.catalina.startup.Catalina.start Server startup in 1014 ms
19-Feb-2018 12:10:33.081 INFOS [ContainerBackgroundProcessor[StandardEngine[Catalina]]] org.apache.catalina.core.StandardContext.reload Le rechargement du contexte [/TweetBook] a démarré
19-Feb-2018 12:10:33.151 INFOS [ContainerBackgroundProcessor[StandardEngine[Catalina]]] org.apache.jasper.servlet.TldScanner.scanJars At least one JAR was scanned for TLDs yet contained no TLDs. Enable debug logging for this logger for a complete list of JARs that were scanned but no TLDs were found in them. Skipping unneeded JARs during scanning can improve startup time and JSP compilation time.
19-Feb-2018 12:10:33.153 INFOS [ContainerBackgroundProcessor[StandardEngine[Catalina]]] org.apache.catalina.core.StandardContext.reload Le rechargement de ce contexte est terminé
19-Feb-2018 12:11:40.661 INFOS [Thread-5] org.apache.coyote.AbstractProtocol.pause Pausing ProtocolHandler ["http-nio-8080"]
19-Feb-2018 12:11:40.712 INFOS [Thread-5] org.apache.coyote.AbstractProtocol.pause Pausing ProtocolHandler ["ajp-nio-8009"]
19-Feb-2018 12:11:40.763 INFOS [Thread-5] org.apache.catalina.core.StandardService.stopInternal Arrêt du service Catalina
19-Feb-2018 12:11:40.839 INFOS [Thread-5] org.apache.coyote.AbstractProtocol.stop Stopping ProtocolHandler ["http-nio-8080"]
19-Feb-2018 12:11:40.840 INFOS [Thread-5] org.apache.coyote.AbstractProtocol.stop Stopping ProtocolHandler ["ajp-nio-8009"]
19-Feb-2018 12:11:40.841 INFOS [Thread-5] org.apache.coyote.AbstractProtocol.destroy Destroying ProtocolHandler ["http-nio-8080"]
19-Feb-2018 12:11:40.841 INFOS [Thread-5] org.apache.coyote.AbstractProtocol.destroy Destroying ProtocolHandler ["ajp-nio-8009"]
19-Feb-2018 12:11:41.608 INFOS [main] org.apache.catalina.startup.VersionLoggerListener.log Server version:        Apache Tomcat/8.0.46
19-Feb-2018 12:11:41.609 INFOS [main] org.apache.catalina.startup.VersionLoggerListener.log Server built:          Aug 10 2017 10:10:31 UTC
19-Feb-2018 12:11:41.609 INFOS [main] org.apache.catalina.startup.VersionLoggerListener.log Server number:         8.0.46.0
19-Feb-2018 12:11:41.609 INFOS [main] org.apache.catalina.startup.VersionLoggerListener.log OS Name:               Linux
19-Feb-2018 12:11:41.609 INFOS [main] org.apache.catalina.startup.VersionLoggerListener.log OS Version:            3.16.0-5-amd64
19-Feb-2018 12:11:41.610 INFOS [main] org.apache.catalina.startup.VersionLoggerListener.log Architecture:          amd64
19-Feb-2018 12:11:41.610 INFOS [main] org.apache.catalina.startup.VersionLoggerListener.log Java Home:             /usr/lib/jvm/jdk-8-oracle-x64/jre
19-Feb-2018 12:11:41.610 INFOS [main] org.apache.catalina.startup.VersionLoggerListener.log JVM Version:           1.8.0_71-b15
19-Feb-2018 12:11:41.610 INFOS [main] org.apache.catalina.startup.VersionLoggerListener.log JVM Vendor:            Oracle Corporation
19-Feb-2018 12:11:41.610 INFOS [main] org.apache.catalina.startup.VersionLoggerListener.log CATALINA_BASE:         /home/infoetu/lamboisa/S5/adbdd/apache-tomcat-8.0.46
19-Feb-2018 12:11:41.610 INFOS [main] org.apache.catalina.startup.VersionLoggerListener.log CATALINA_HOME:         /home/infoetu/lamboisa/S5/adbdd/apache-tomcat-8.0.46
19-Feb-2018 12:11:41.610 INFOS [main] org.apache.catalina.startup.VersionLoggerListener.log Command line argument: -Djava.util.logging.config.file=/home/infoetu/lamboisa/S5/adbdd/apache-tomcat-8.0.46/conf/logging.properties
19-Feb-2018 12:11:41.610 INFOS [main] org.apache.catalina.startup.VersionLoggerListener.log Command line argument: -Djava.util.logging.manager=org.apache.juli.ClassLoaderLogManager
19-Feb-2018 12:11:41.610 INFOS [main] org.apache.catalina.startup.VersionLoggerListener.log Command line argument: -Djdk.tls.ephemeralDHKeySize=2048
19-Feb-2018 12:11:41.611 INFOS [main] org.apache.catalina.startup.VersionLoggerListener.log Command line argument: -Djava.protocol.handler.pkgs=org.apache.catalina.webresources
19-Feb-2018 12:11:41.611 INFOS [main] org.apache.catalina.startup.VersionLoggerListener.log Command line argument: -Djava.endorsed.dirs=/home/infoetu/lamboisa/S5/adbdd/apache-tomcat-8.0.46/endorsed
19-Feb-2018 12:11:41.611 INFOS [main] org.apache.catalina.startup.VersionLoggerListener.log Command line argument: -Dcatalina.base=/home/infoetu/lamboisa/S5/adbdd/apache-tomcat-8.0.46
19-Feb-2018 12:11:41.611 INFOS [main] org.apache.catalina.startup.VersionLoggerListener.log Command line argument: -Dcatalina.home=/home/infoetu/lamboisa/S5/adbdd/apache-tomcat-8.0.46
19-Feb-2018 12:11:41.611 INFOS [main] org.apache.catalina.startup.VersionLoggerListener.log Command line argument: -Djava.io.tmpdir=/home/infoetu/lamboisa/S5/adbdd/apache-tomcat-8.0.46/temp
19-Feb-2018 12:11:41.611 INFOS [main] org.apache.catalina.core.AprLifecycleListener.lifecycleEvent The APR based Apache Tomcat Native library which allows optimal performance in production environments was not found on the java.library.path: /usr/java/packages/lib/amd64:/usr/lib64:/lib64:/lib:/usr/lib
19-Feb-2018 12:11:41.714 INFOS [main] org.apache.coyote.AbstractProtocol.init Initializing ProtocolHandler ["http-nio-8080"]
19-Feb-2018 12:11:41.725 INFOS [main] org.apache.tomcat.util.net.NioSelectorPool.getSharedSelector Using a shared selector for servlet write/read
19-Feb-2018 12:11:41.727 INFOS [main] org.apache.coyote.AbstractProtocol.init Initializing ProtocolHandler ["ajp-nio-8009"]
19-Feb-2018 12:11:41.728 INFOS [main] org.apache.tomcat.util.net.NioSelectorPool.getSharedSelector Using a shared selector for servlet write/read
19-Feb-2018 12:11:41.728 INFOS [main] org.apache.catalina.startup.Catalina.load Initialization processed in 397 ms
19-Feb-2018 12:11:41.750 INFOS [main] org.apache.catalina.core.StandardService.startInternal Démarrage du service Catalina
19-Feb-2018 12:11:41.750 INFOS [main] org.apache.catalina.core.StandardEngine.startInternal Starting Servlet Engine: Apache Tomcat/8.0.46
19-Feb-2018 12:11:41.781 INFOS [localhost-startStop-1] org.apache.catalina.startup.HostConfig.deployWAR Déploiement de l'archive /home/infoetu/lamboisa/S5/adbdd/apache-tomcat-8.0.46/webapps/videEvolue.war de l'application web
19-Feb-2018 12:11:41.920 AVERTISSEMENT [localhost-startStop-1] org.apache.tomcat.util.descriptor.web.WebXml.setVersion Unknown version string [4.0]. Default version will be used.
19-Feb-2018 12:11:42.046 INFOS [localhost-startStop-1] org.apache.jasper.servlet.TldScanner.scanJars At least one JAR was scanned for TLDs yet contained no TLDs. Enable debug logging for this logger for a complete list of JARs that were scanned but no TLDs were found in them. Skipping unneeded JARs during scanning can improve startup time and JSP compilation time.
19-Feb-2018 12:11:42.093 INFOS [localhost-startStop-1] org.apache.catalina.startup.HostConfig.deployWAR Deployment of web application archive /home/infoetu/lamboisa/S5/adbdd/apache-tomcat-8.0.46/webapps/videEvolue.war has finished in 311 ms
19-Feb-2018 12:11:42.094 INFOS [localhost-startStop-1] org.apache.catalina.startup.HostConfig.deployDirectory Déploiement du répertoire /home/infoetu/lamboisa/S5/adbdd/apache-tomcat-8.0.46/webapps/ROOT de l'application web
19-Feb-2018 12:11:42.151 INFOS [localhost-startStop-1] org.apache.jasper.servlet.TldScanner.scanJars At least one JAR was scanned for TLDs yet contained no TLDs. Enable debug logging for this logger for a complete list of JARs that were scanned but no TLDs were found in them. Skipping unneeded JARs during scanning can improve startup time and JSP compilation time.
19-Feb-2018 12:11:42.153 INFOS [localhost-startStop-1] org.apache.catalina.startup.HostConfig.deployDirectory Deployment of web application directory /home/infoetu/lamboisa/S5/adbdd/apache-tomcat-8.0.46/webapps/ROOT has finished in 59 ms
19-Feb-2018 12:11:42.153 INFOS [localhost-startStop-1] org.apache.catalina.startup.HostConfig.deployDirectory Déploiement du répertoire /home/infoetu/lamboisa/S5/adbdd/apache-tomcat-8.0.46/webapps/TweetBook de l'application web
19-Feb-2018 12:11:42.158 AVERTISSEMENT [localhost-startStop-1] org.apache.tomcat.util.digester.SetPropertiesRule.begin [SetPropertiesRule]{Context/Realm} Setting property 'debug' to '99' did not find a matching property.
19-Feb-2018 12:11:42.226 INFOS [localhost-startStop-1] org.apache.jasper.servlet.TldScanner.scanJars At least one JAR was scanned for TLDs yet contained no TLDs. Enable debug logging for this logger for a complete list of JARs that were scanned but no TLDs were found in them. Skipping unneeded JARs during scanning can improve startup time and JSP compilation time.
19-Feb-2018 12:11:42.231 INFOS [localhost-startStop-1] org.apache.catalina.startup.HostConfig.deployDirectory Deployment of web application directory /home/infoetu/lamboisa/S5/adbdd/apache-tomcat-8.0.46/webapps/TweetBook has finished in 78 ms
19-Feb-2018 12:11:42.231 INFOS [localhost-startStop-1] org.apache.catalina.startup.HostConfig.deployDirectory Déploiement du répertoire /home/infoetu/lamboisa/S5/adbdd/apache-tomcat-8.0.46/webapps/docs de l'application web
19-Feb-2018 12:11:42.285 INFOS [localhost-startStop-1] org.apache.jasper.servlet.TldScanner.scanJars At least one JAR was scanned for TLDs yet contained no TLDs. Enable debug logging for this logger for a complete list of JARs that were scanned but no TLDs were found in them. Skipping unneeded JARs during scanning can improve startup time and JSP compilation time.
19-Feb-2018 12:11:42.287 INFOS [localhost-startStop-1] org.apache.catalina.startup.HostConfig.deployDirectory Deployment of web application directory /home/infoetu/lamboisa/S5/adbdd/apache-tomcat-8.0.46/webapps/docs has finished in 56 ms
19-Feb-2018 12:11:42.287 INFOS [localhost-startStop-1] org.apache.catalina.startup.HostConfig.deployDirectory Déploiement du répertoire /home/infoetu/lamboisa/S5/adbdd/apache-tomcat-8.0.46/webapps/manager de l'application web
19-Feb-2018 12:11:42.340 INFOS [localhost-startStop-1] org.apache.jasper.servlet.TldScanner.scanJars At least one JAR was scanned for TLDs yet contained no TLDs. Enable debug logging for this logger for a complete list of JARs that were scanned but no TLDs were found in them. Skipping unneeded JARs during scanning can improve startup time and JSP compilation time.
19-Feb-2018 12:11:42.344 INFOS [localhost-startStop-1] org.apache.catalina.startup.HostConfig.deployDirectory Deployment of web application directory /home/infoetu/lamboisa/S5/adbdd/apache-tomcat-8.0.46/webapps/manager has finished in 57 ms
19-Feb-2018 12:11:42.345 INFOS [localhost-startStop-1] org.apache.catalina.startup.HostConfig.deployDirectory Déploiement du répertoire /home/infoetu/lamboisa/S5/adbdd/apache-tomcat-8.0.46/webapps/bin de l'application web
19-Feb-2018 12:11:42.399 INFOS [localhost-startStop-1] org.apache.jasper.servlet.TldScanner.scanJars At least one JAR was scanned for TLDs yet contained no TLDs. Enable debug logging for this logger for a complete list of JARs that were scanned but no TLDs were found in them. Skipping unneeded JARs during scanning can improve startup time and JSP compilation time.
19-Feb-2018 12:11:42.402 INFOS [localhost-startStop-1] org.apache.catalina.startup.HostConfig.deployDirectory Deployment of web application directory /home/infoetu/lamboisa/S5/adbdd/apache-tomcat-8.0.46/webapps/bin has finished in 57 ms
19-Feb-2018 12:11:42.403 INFOS [localhost-startStop-1] org.apache.catalina.startup.HostConfig.deployDirectory Déploiement du répertoire /home/infoetu/lamboisa/S5/adbdd/apache-tomcat-8.0.46/webapps/host-manager de l'application web
19-Feb-2018 12:11:42.451 INFOS [localhost-startStop-1] org.apache.jasper.servlet.TldScanner.scanJars At least one JAR was scanned for TLDs yet contained no TLDs. Enable debug logging for this logger for a complete list of JARs that were scanned but no TLDs were found in them. Skipping unneeded JARs during scanning can improve startup time and JSP compilation time.
19-Feb-2018 12:11:42.453 INFOS [localhost-startStop-1] org.apache.catalina.startup.HostConfig.deployDirectory Deployment of web application directory /home/infoetu/lamboisa/S5/adbdd/apache-tomcat-8.0.46/webapps/host-manager has finished in 50 ms
19-Feb-2018 12:11:42.453 INFOS [localhost-startStop-1] org.apache.catalina.startup.HostConfig.deployDirectory Déploiement du répertoire /home/infoetu/lamboisa/S5/adbdd/apache-tomcat-8.0.46/webapps/examples de l'application web
19-Feb-2018 12:11:42.709 INFOS [localhost-startStop-1] org.apache.jasper.servlet.TldScanner.scanJars At least one JAR was scanned for TLDs yet contained no TLDs. Enable debug logging for this logger for a complete list of JARs that were scanned but no TLDs were found in them. Skipping unneeded JARs during scanning can improve startup time and JSP compilation time.
19-Feb-2018 12:11:42.741 INFOS [localhost-startStop-1] org.apache.catalina.startup.HostConfig.deployDirectory Deployment of web application directory /home/infoetu/lamboisa/S5/adbdd/apache-tomcat-8.0.46/webapps/examples has finished in 288 ms
19-Feb-2018 12:11:42.745 INFOS [main] org.apache.coyote.AbstractProtocol.start Starting ProtocolHandler ["http-nio-8080"]
19-Feb-2018 12:11:42.750 INFOS [main] org.apache.coyote.AbstractProtocol.start Starting ProtocolHandler ["ajp-nio-8009"]
19-Feb-2018 12:11:42.751 INFOS [main] org.apache.catalina.startup.Catalina.start Server startup in 1022 ms
19-Feb-2018 12:13:02.783 INFOS [ContainerBackgroundProcessor[StandardEngine[Catalina]]] org.apache.catalina.core.StandardContext.reload Le rechargement du contexte [/TweetBook] a démarré
19-Feb-2018 12:13:02.870 INFOS [ContainerBackgroundProcessor[StandardEngine[Catalina]]] org.apache.jasper.servlet.TldScanner.scanJars At least one JAR was scanned for TLDs yet contained no TLDs. Enable debug logging for this logger for a complete list of JARs that were scanned but no TLDs were found in them. Skipping unneeded JARs during scanning can improve startup time and JSP compilation time.
19-Feb-2018 12:13:02.872 INFOS [ContainerBackgroundProcessor[StandardEngine[Catalina]]] org.apache.catalina.core.StandardContext.reload Le rechargement de ce contexte est terminé
19-Feb-2018 12:34:53.379 INFOS [ContainerBackgroundProcessor[StandardEngine[Catalina]]] org.apache.catalina.core.StandardContext.reload Le rechargement du contexte [/TweetBook] a démarré
19-Feb-2018 12:34:53.442 INFOS [ContainerBackgroundProcessor[StandardEngine[Catalina]]] org.apache.jasper.servlet.TldScanner.scanJars At least one JAR was scanned for TLDs yet contained no TLDs. Enable debug logging for this logger for a complete list of JARs that were scanned but no TLDs were found in them. Skipping unneeded JARs during scanning can improve startup time and JSP compilation time.
19-Feb-2018 12:34:53.444 INFOS [ContainerBackgroundProcessor[StandardEngine[Catalina]]] org.apache.catalina.core.StandardContext.reload Le rechargement de ce contexte est terminé
19-Feb-2018 12:35:53.470 INFOS [ContainerBackgroundProcessor[StandardEngine[Catalina]]] org.apache.catalina.core.StandardContext.reload Le rechargement du contexte [/TweetBook] a démarré
19-Feb-2018 12:35:53.542 INFOS [ContainerBackgroundProcessor[StandardEngine[Catalina]]] org.apache.jasper.servlet.TldScanner.scanJars At least one JAR was scanned for TLDs yet contained no TLDs. Enable debug logging for this logger for a complete list of JARs that were scanned but no TLDs were found in them. Skipping unneeded JARs during scanning can improve startup time and JSP compilation time.
19-Feb-2018 12:35:53.547 INFOS [ContainerBackgroundProcessor[StandardEngine[Catalina]]] org.apache.catalina.core.StandardContext.reload Le rechargement de ce contexte est terminé
19-Feb-2018 12:58:24.097 INFOS [ContainerBackgroundProcessor[StandardEngine[Catalina]]] org.apache.catalina.core.StandardContext.reload Le rechargement du contexte [/TweetBook] a démarré
19-Feb-2018 12:58:24.177 INFOS [ContainerBackgroundProcessor[StandardEngine[Catalina]]] org.apache.jasper.servlet.TldScanner.scanJars At least one JAR was scanned for TLDs yet contained no TLDs. Enable debug logging for this logger for a complete list of JARs that were scanned but no TLDs were found in them. Skipping unneeded JARs during scanning can improve startup time and JSP compilation time.
19-Feb-2018 12:58:24.179 INFOS [ContainerBackgroundProcessor[StandardEngine[Catalina]]] org.apache.catalina.core.StandardContext.reload Le rechargement de ce contexte est terminé
19-Feb-2018 13:21:24.733 INFOS [ContainerBackgroundProcessor[StandardEngine[Catalina]]] org.apache.catalina.core.StandardContext.reload Le rechargement du contexte [/TweetBook] a démarré
19-Feb-2018 13:21:24.815 INFOS [ContainerBackgroundProcessor[StandardEngine[Catalina]]] org.apache.jasper.servlet.TldScanner.scanJars At least one JAR was scanned for TLDs yet contained no TLDs. Enable debug logging for this logger for a complete list of JARs that were scanned but no TLDs were found in them. Skipping unneeded JARs during scanning can improve startup time and JSP compilation time.
19-Feb-2018 13:21:24.817 INFOS [ContainerBackgroundProcessor[StandardEngine[Catalina]]] org.apache.catalina.core.StandardContext.reload Le rechargement de ce contexte est terminé
19-Feb-2018 13:23:58.021 INFOS [Thread-5] org.apache.coyote.AbstractProtocol.pause Pausing ProtocolHandler ["http-nio-8080"]
19-Feb-2018 13:23:58.072 INFOS [Thread-5] org.apache.coyote.AbstractProtocol.pause Pausing ProtocolHandler ["ajp-nio-8009"]
19-Feb-2018 13:23:58.123 INFOS [Thread-5] org.apache.catalina.core.StandardService.stopInternal Arrêt du service Catalina
19-Feb-2018 13:23:58.359 INFOS [Thread-5] org.apache.coyote.AbstractProtocol.stop Stopping ProtocolHandler ["http-nio-8080"]
19-Feb-2018 13:23:58.362 INFOS [Thread-5] org.apache.coyote.AbstractProtocol.stop Stopping ProtocolHandler ["ajp-nio-8009"]
19-Feb-2018 13:23:58.364 INFOS [Thread-5] org.apache.coyote.AbstractProtocol.destroy Destroying ProtocolHandler ["http-nio-8080"]
19-Feb-2018 13:23:58.365 INFOS [Thread-5] org.apache.coyote.AbstractProtocol.destroy Destroying ProtocolHandler ["ajp-nio-8009"]
19-Feb-2018 13:23:59.018 INFOS [main] org.apache.catalina.startup.VersionLoggerListener.log Server version:        Apache Tomcat/8.0.46
19-Feb-2018 13:23:59.019 INFOS [main] org.apache.catalina.startup.VersionLoggerListener.log Server built:          Aug 10 2017 10:10:31 UTC
19-Feb-2018 13:23:59.019 INFOS [main] org.apache.catalina.startup.VersionLoggerListener.log Server number:         8.0.46.0
19-Feb-2018 13:23:59.020 INFOS [main] org.apache.catalina.startup.VersionLoggerListener.log OS Name:               Linux
19-Feb-2018 13:23:59.020 INFOS [main] org.apache.catalina.startup.VersionLoggerListener.log OS Version:            3.16.0-5-amd64
19-Feb-2018 13:23:59.020 INFOS [main] org.apache.catalina.startup.VersionLoggerListener.log Architecture:          amd64
19-Feb-2018 13:23:59.020 INFOS [main] org.apache.catalina.startup.VersionLoggerListener.log Java Home:             /usr/lib/jvm/jdk-8-oracle-x64/jre
19-Feb-2018 13:23:59.020 INFOS [main] org.apache.catalina.startup.VersionLoggerListener.log JVM Version:           1.8.0_71-b15
19-Feb-2018 13:23:59.020 INFOS [main] org.apache.catalina.startup.VersionLoggerListener.log JVM Vendor:            Oracle Corporation
19-Feb-2018 13:23:59.020 INFOS [main] org.apache.catalina.startup.VersionLoggerListener.log CATALINA_BASE:         /home/infoetu/lamboisa/S5/adbdd/apache-tomcat-8.0.46
19-Feb-2018 13:23:59.020 INFOS [main] org.apache.catalina.startup.VersionLoggerListener.log CATALINA_HOME:         /home/infoetu/lamboisa/S5/adbdd/apache-tomcat-8.0.46
19-Feb-2018 13:23:59.020 INFOS [main] org.apache.catalina.startup.VersionLoggerListener.log Command line argument: -Djava.util.logging.config.file=/home/infoetu/lamboisa/S5/adbdd/apache-tomcat-8.0.46/conf/logging.properties
19-Feb-2018 13:23:59.020 INFOS [main] org.apache.catalina.startup.VersionLoggerListener.log Command line argument: -Djava.util.logging.manager=org.apache.juli.ClassLoaderLogManager
19-Feb-2018 13:23:59.021 INFOS [main] org.apache.catalina.startup.VersionLoggerListener.log Command line argument: -Djdk.tls.ephemeralDHKeySize=2048
19-Feb-2018 13:23:59.021 INFOS [main] org.apache.catalina.startup.VersionLoggerListener.log Command line argument: -Djava.protocol.handler.pkgs=org.apache.catalina.webresources
19-Feb-2018 13:23:59.021 INFOS [main] org.apache.catalina.startup.VersionLoggerListener.log Command line argument: -Djava.endorsed.dirs=/home/infoetu/lamboisa/S5/adbdd/apache-tomcat-8.0.46/endorsed
19-Feb-2018 13:23:59.021 INFOS [main] org.apache.catalina.startup.VersionLoggerListener.log Command line argument: -Dcatalina.base=/home/infoetu/lamboisa/S5/adbdd/apache-tomcat-8.0.46
19-Feb-2018 13:23:59.022 INFOS [main] org.apache.catalina.startup.VersionLoggerListener.log Command line argument: -Dcatalina.home=/home/infoetu/lamboisa/S5/adbdd/apache-tomcat-8.0.46
19-Feb-2018 13:23:59.022 INFOS [main] org.apache.catalina.startup.VersionLoggerListener.log Command line argument: -Djava.io.tmpdir=/home/infoetu/lamboisa/S5/adbdd/apache-tomcat-8.0.46/temp
19-Feb-2018 13:23:59.022 INFOS [main] org.apache.catalina.core.AprLifecycleListener.lifecycleEvent The APR based Apache Tomcat Native library which allows optimal performance in production environments was not found on the java.library.path: /usr/java/packages/lib/amd64:/usr/lib64:/lib64:/lib:/usr/lib
19-Feb-2018 13:23:59.124 INFOS [main] org.apache.coyote.AbstractProtocol.init Initializing ProtocolHandler ["http-nio-8080"]
19-Feb-2018 13:23:59.134 INFOS [main] org.apache.tomcat.util.net.NioSelectorPool.getSharedSelector Using a shared selector for servlet write/read
19-Feb-2018 13:23:59.136 INFOS [main] org.apache.coyote.AbstractProtocol.init Initializing ProtocolHandler ["ajp-nio-8009"]
19-Feb-2018 13:23:59.138 INFOS [main] org.apache.tomcat.util.net.NioSelectorPool.getSharedSelector Using a shared selector for servlet write/read
19-Feb-2018 13:23:59.138 INFOS [main] org.apache.catalina.startup.Catalina.load Initialization processed in 397 ms
19-Feb-2018 13:23:59.159 INFOS [main] org.apache.catalina.core.StandardService.startInternal Démarrage du service Catalina
19-Feb-2018 13:23:59.159 INFOS [main] org.apache.catalina.core.StandardEngine.startInternal Starting Servlet Engine: Apache Tomcat/8.0.46
19-Feb-2018 13:23:59.187 INFOS [localhost-startStop-1] org.apache.catalina.startup.HostConfig.deployWAR Déploiement de l'archive /home/infoetu/lamboisa/S5/adbdd/apache-tomcat-8.0.46/webapps/videEvolue.war de l'application web
19-Feb-2018 13:23:59.329 AVERTISSEMENT [localhost-startStop-1] org.apache.tomcat.util.descriptor.web.WebXml.setVersion Unknown version string [4.0]. Default version will be used.
19-Feb-2018 13:23:59.445 INFOS [localhost-startStop-1] org.apache.jasper.servlet.TldScanner.scanJars At least one JAR was scanned for TLDs yet contained no TLDs. Enable debug logging for this logger for a complete list of JARs that were scanned but no TLDs were found in them. Skipping unneeded JARs during scanning can improve startup time and JSP compilation time.
19-Feb-2018 13:23:59.490 INFOS [localhost-startStop-1] org.apache.catalina.startup.HostConfig.deployWAR Deployment of web application archive /home/infoetu/lamboisa/S5/adbdd/apache-tomcat-8.0.46/webapps/videEvolue.war has finished in 301 ms
19-Feb-2018 13:23:59.491 INFOS [localhost-startStop-1] org.apache.catalina.startup.HostConfig.deployDirectory Déploiement du répertoire /home/infoetu/lamboisa/S5/adbdd/apache-tomcat-8.0.46/webapps/ROOT de l'application web
19-Feb-2018 13:23:59.559 INFOS [localhost-startStop-1] org.apache.jasper.servlet.TldScanner.scanJars At least one JAR was scanned for TLDs yet contained no TLDs. Enable debug logging for this logger for a complete list of JARs that were scanned but no TLDs were found in them. Skipping unneeded JARs during scanning can improve startup time and JSP compilation time.
19-Feb-2018 13:23:59.561 INFOS [localhost-startStop-1] org.apache.catalina.startup.HostConfig.deployDirectory Deployment of web application directory /home/infoetu/lamboisa/S5/adbdd/apache-tomcat-8.0.46/webapps/ROOT has finished in 70 ms
19-Feb-2018 13:23:59.561 INFOS [localhost-startStop-1] org.apache.catalina.startup.HostConfig.deployDirectory Déploiement du répertoire /home/infoetu/lamboisa/S5/adbdd/apache-tomcat-8.0.46/webapps/TweetBook de l'application web
19-Feb-2018 13:23:59.566 AVERTISSEMENT [localhost-startStop-1] org.apache.tomcat.util.digester.SetPropertiesRule.begin [SetPropertiesRule]{Context/Realm} Setting property 'debug' to '99' did not find a matching property.
19-Feb-2018 13:23:59.633 INFOS [localhost-startStop-1] org.apache.jasper.servlet.TldScanner.scanJars At least one JAR was scanned for TLDs yet contained no TLDs. Enable debug logging for this logger for a complete list of JARs that were scanned but no TLDs were found in them. Skipping unneeded JARs during scanning can improve startup time and JSP compilation time.
19-Feb-2018 13:23:59.638 INFOS [localhost-startStop-1] org.apache.catalina.startup.HostConfig.deployDirectory Deployment of web application directory /home/infoetu/lamboisa/S5/adbdd/apache-tomcat-8.0.46/webapps/TweetBook has finished in 76 ms
19-Feb-2018 13:23:59.638 INFOS [localhost-startStop-1] org.apache.catalina.startup.HostConfig.deployDirectory Déploiement du répertoire /home/infoetu/lamboisa/S5/adbdd/apache-tomcat-8.0.46/webapps/docs de l'application web
19-Feb-2018 13:23:59.690 INFOS [localhost-startStop-1] org.apache.jasper.servlet.TldScanner.scanJars At least one JAR was scanned for TLDs yet contained no TLDs. Enable debug logging for this logger for a complete list of JARs that were scanned but no TLDs were found in them. Skipping unneeded JARs during scanning can improve startup time and JSP compilation time.
19-Feb-2018 13:23:59.692 INFOS [localhost-startStop-1] org.apache.catalina.startup.HostConfig.deployDirectory Deployment of web application directory /home/infoetu/lamboisa/S5/adbdd/apache-tomcat-8.0.46/webapps/docs has finished in 54 ms
19-Feb-2018 13:23:59.692 INFOS [localhost-startStop-1] org.apache.catalina.startup.HostConfig.deployDirectory Déploiement du répertoire /home/infoetu/lamboisa/S5/adbdd/apache-tomcat-8.0.46/webapps/manager de l'application web
19-Feb-2018 13:23:59.744 INFOS [localhost-startStop-1] org.apache.jasper.servlet.TldScanner.scanJars At least one JAR was scanned for TLDs yet contained no TLDs. Enable debug logging for this logger for a complete list of JARs that were scanned but no TLDs were found in them. Skipping unneeded JARs during scanning can improve startup time and JSP compilation time.
19-Feb-2018 13:23:59.748 INFOS [localhost-startStop-1] org.apache.catalina.startup.HostConfig.deployDirectory Deployment of web application directory /home/infoetu/lamboisa/S5/adbdd/apache-tomcat-8.0.46/webapps/manager has finished in 56 ms
19-Feb-2018 13:23:59.748 INFOS [localhost-startStop-1] org.apache.catalina.startup.HostConfig.deployDirectory Déploiement du répertoire /home/infoetu/lamboisa/S5/adbdd/apache-tomcat-8.0.46/webapps/bin de l'application web
19-Feb-2018 13:23:59.798 INFOS [localhost-startStop-1] org.apache.jasper.servlet.TldScanner.scanJars At least one JAR was scanned for TLDs yet contained no TLDs. Enable debug logging for this logger for a complete list of JARs that were scanned but no TLDs were found in them. Skipping unneeded JARs during scanning can improve startup time and JSP compilation time.
19-Feb-2018 13:23:59.801 INFOS [localhost-startStop-1] org.apache.catalina.startup.HostConfig.deployDirectory Deployment of web application directory /home/infoetu/lamboisa/S5/adbdd/apache-tomcat-8.0.46/webapps/bin has finished in 52 ms
19-Feb-2018 13:23:59.801 INFOS [localhost-startStop-1] org.apache.catalina.startup.HostConfig.deployDirectory Déploiement du répertoire /home/infoetu/lamboisa/S5/adbdd/apache-tomcat-8.0.46/webapps/host-manager de l'application web
19-Feb-2018 13:23:59.849 INFOS [localhost-startStop-1] org.apache.jasper.servlet.TldScanner.scanJars At least one JAR was scanned for TLDs yet contained no TLDs. Enable debug logging for this logger for a complete list of JARs that were scanned but no TLDs were found in them. Skipping unneeded JARs during scanning can improve startup time and JSP compilation time.
19-Feb-2018 13:23:59.851 INFOS [localhost-startStop-1] org.apache.catalina.startup.HostConfig.deployDirectory Deployment of web application directory /home/infoetu/lamboisa/S5/adbdd/apache-tomcat-8.0.46/webapps/host-manager has finished in 50 ms
19-Feb-2018 13:23:59.851 INFOS [localhost-startStop-1] org.apache.catalina.startup.HostConfig.deployDirectory Déploiement du répertoire /home/infoetu/lamboisa/S5/adbdd/apache-tomcat-8.0.46/webapps/examples de l'application web
19-Feb-2018 13:24:00.109 INFOS [localhost-startStop-1] org.apache.jasper.servlet.TldScanner.scanJars At least one JAR was scanned for TLDs yet contained no TLDs. Enable debug logging for this logger for a complete list of JARs that were scanned but no TLDs were found in them. Skipping unneeded JARs during scanning can improve startup time and JSP compilation time.
19-Feb-2018 13:24:00.138 INFOS [localhost-startStop-1] org.apache.catalina.startup.HostConfig.deployDirectory Deployment of web application directory /home/infoetu/lamboisa/S5/adbdd/apache-tomcat-8.0.46/webapps/examples has finished in 287 ms
19-Feb-2018 13:24:00.140 INFOS [main] org.apache.coyote.AbstractProtocol.start Starting ProtocolHandler ["http-nio-8080"]
19-Feb-2018 13:24:00.153 INFOS [main] org.apache.coyote.AbstractProtocol.start Starting ProtocolHandler ["ajp-nio-8009"]
19-Feb-2018 13:24:00.154 INFOS [main] org.apache.catalina.startup.Catalina.start Server startup in 1015 ms
19-Feb-2018 13:26:59.210 INFOS [Thread-5] org.apache.coyote.AbstractProtocol.pause Pausing ProtocolHandler ["http-nio-8080"]
19-Feb-2018 13:26:59.262 INFOS [Thread-5] org.apache.coyote.AbstractProtocol.pause Pausing ProtocolHandler ["ajp-nio-8009"]
19-Feb-2018 13:26:59.313 INFOS [Thread-5] org.apache.catalina.core.StandardService.stopInternal Arrêt du service Catalina
19-Feb-2018 13:26:59.344 INFOS [Thread-5] org.apache.coyote.AbstractProtocol.stop Stopping ProtocolHandler ["http-nio-8080"]
19-Feb-2018 13:26:59.345 INFOS [Thread-5] org.apache.coyote.AbstractProtocol.stop Stopping ProtocolHandler ["ajp-nio-8009"]
19-Feb-2018 13:26:59.434 INFOS [Thread-5] org.apache.coyote.AbstractProtocol.destroy Destroying ProtocolHandler ["http-nio-8080"]
19-Feb-2018 13:26:59.434 INFOS [Thread-5] org.apache.coyote.AbstractProtocol.destroy Destroying ProtocolHandler ["ajp-nio-8009"]
