24-Jan-2018 09:25:30.762 INFOS [main] org.apache.catalina.startup.VersionLoggerListener.log Server version:        Apache Tomcat/8.0.46
24-Jan-2018 09:25:30.763 INFOS [main] org.apache.catalina.startup.VersionLoggerListener.log Server built:          Aug 10 2017 10:10:31 UTC
24-Jan-2018 09:25:30.764 INFOS [main] org.apache.catalina.startup.VersionLoggerListener.log Server number:         8.0.46.0
24-Jan-2018 09:25:30.764 INFOS [main] org.apache.catalina.startup.VersionLoggerListener.log OS Name:               Linux
24-Jan-2018 09:25:30.764 INFOS [main] org.apache.catalina.startup.VersionLoggerListener.log OS Version:            3.16.0-5-amd64
24-Jan-2018 09:25:30.764 INFOS [main] org.apache.catalina.startup.VersionLoggerListener.log Architecture:          amd64
24-Jan-2018 09:25:30.764 INFOS [main] org.apache.catalina.startup.VersionLoggerListener.log Java Home:             /usr/lib/jvm/jdk-8-oracle-x64/jre
24-Jan-2018 09:25:30.764 INFOS [main] org.apache.catalina.startup.VersionLoggerListener.log JVM Version:           1.8.0_71-b15
24-Jan-2018 09:25:30.764 INFOS [main] org.apache.catalina.startup.VersionLoggerListener.log JVM Vendor:            Oracle Corporation
24-Jan-2018 09:25:30.764 INFOS [main] org.apache.catalina.startup.VersionLoggerListener.log CATALINA_BASE:         /home/infoetu/lamboisa/S5/adbdd/apache-tomcat-8.0.46
24-Jan-2018 09:25:30.764 INFOS [main] org.apache.catalina.startup.VersionLoggerListener.log CATALINA_HOME:         /home/infoetu/lamboisa/S5/adbdd/apache-tomcat-8.0.46
24-Jan-2018 09:25:30.764 INFOS [main] org.apache.catalina.startup.VersionLoggerListener.log Command line argument: -Djava.util.logging.config.file=/home/infoetu/lamboisa/S5/adbdd/apache-tomcat-8.0.46/conf/logging.properties
24-Jan-2018 09:25:30.765 INFOS [main] org.apache.catalina.startup.VersionLoggerListener.log Command line argument: -Djava.util.logging.manager=org.apache.juli.ClassLoaderLogManager
24-Jan-2018 09:25:30.765 INFOS [main] org.apache.catalina.startup.VersionLoggerListener.log Command line argument: -Djdk.tls.ephemeralDHKeySize=2048
24-Jan-2018 09:25:30.765 INFOS [main] org.apache.catalina.startup.VersionLoggerListener.log Command line argument: -Djava.protocol.handler.pkgs=org.apache.catalina.webresources
24-Jan-2018 09:25:30.765 INFOS [main] org.apache.catalina.startup.VersionLoggerListener.log Command line argument: -Djava.endorsed.dirs=/home/infoetu/lamboisa/S5/adbdd/apache-tomcat-8.0.46/endorsed
24-Jan-2018 09:25:30.765 INFOS [main] org.apache.catalina.startup.VersionLoggerListener.log Command line argument: -Dcatalina.base=/home/infoetu/lamboisa/S5/adbdd/apache-tomcat-8.0.46
24-Jan-2018 09:25:30.765 INFOS [main] org.apache.catalina.startup.VersionLoggerListener.log Command line argument: -Dcatalina.home=/home/infoetu/lamboisa/S5/adbdd/apache-tomcat-8.0.46
24-Jan-2018 09:25:30.765 INFOS [main] org.apache.catalina.startup.VersionLoggerListener.log Command line argument: -Djava.io.tmpdir=/home/infoetu/lamboisa/S5/adbdd/apache-tomcat-8.0.46/temp
24-Jan-2018 09:25:30.765 INFOS [main] org.apache.catalina.core.AprLifecycleListener.lifecycleEvent The APR based Apache Tomcat Native library which allows optimal performance in production environments was not found on the java.library.path: /usr/java/packages/lib/amd64:/usr/lib64:/lib64:/lib:/usr/lib
24-Jan-2018 09:25:30.877 INFOS [main] org.apache.coyote.AbstractProtocol.init Initializing ProtocolHandler ["http-nio-8080"]
24-Jan-2018 09:25:30.888 INFOS [main] org.apache.tomcat.util.net.NioSelectorPool.getSharedSelector Using a shared selector for servlet write/read
24-Jan-2018 09:25:30.890 INFOS [main] org.apache.coyote.AbstractProtocol.init Initializing ProtocolHandler ["ajp-nio-8009"]
24-Jan-2018 09:25:30.891 INFOS [main] org.apache.tomcat.util.net.NioSelectorPool.getSharedSelector Using a shared selector for servlet write/read
24-Jan-2018 09:25:30.892 INFOS [main] org.apache.catalina.startup.Catalina.load Initialization processed in 450 ms
24-Jan-2018 09:25:30.911 INFOS [main] org.apache.catalina.core.StandardService.startInternal Démarrage du service Catalina
24-Jan-2018 09:25:30.911 INFOS [main] org.apache.catalina.core.StandardEngine.startInternal Starting Servlet Engine: Apache Tomcat/8.0.46
24-Jan-2018 09:25:30.920 INFOS [localhost-startStop-1] org.apache.catalina.startup.HostConfig.deployDirectory Déploiement du répertoire /home/infoetu/lamboisa/S5/adbdd/apache-tomcat-8.0.46/webapps/ROOT de l'application web
24-Jan-2018 09:25:31.197 INFOS [localhost-startStop-1] org.apache.jasper.servlet.TldScanner.scanJars At least one JAR was scanned for TLDs yet contained no TLDs. Enable debug logging for this logger for a complete list of JARs that were scanned but no TLDs were found in them. Skipping unneeded JARs during scanning can improve startup time and JSP compilation time.
24-Jan-2018 09:25:31.239 INFOS [localhost-startStop-1] org.apache.catalina.startup.HostConfig.deployDirectory Deployment of web application directory /home/infoetu/lamboisa/S5/adbdd/apache-tomcat-8.0.46/webapps/ROOT has finished in 318 ms
24-Jan-2018 09:25:31.239 INFOS [localhost-startStop-1] org.apache.catalina.startup.HostConfig.deployDirectory Déploiement du répertoire /home/infoetu/lamboisa/S5/adbdd/apache-tomcat-8.0.46/webapps/TweetBook de l'application web
24-Jan-2018 09:25:31.312 INFOS [localhost-startStop-1] org.apache.jasper.servlet.TldScanner.scanJars At least one JAR was scanned for TLDs yet contained no TLDs. Enable debug logging for this logger for a complete list of JARs that were scanned but no TLDs were found in them. Skipping unneeded JARs during scanning can improve startup time and JSP compilation time.
24-Jan-2018 09:25:31.326 INFOS [localhost-startStop-1] org.apache.catalina.startup.HostConfig.deployDirectory Deployment of web application directory /home/infoetu/lamboisa/S5/adbdd/apache-tomcat-8.0.46/webapps/TweetBook has finished in 87 ms
24-Jan-2018 09:25:31.327 INFOS [localhost-startStop-1] org.apache.catalina.startup.HostConfig.deployDirectory Déploiement du répertoire /home/infoetu/lamboisa/S5/adbdd/apache-tomcat-8.0.46/webapps/docs de l'application web
24-Jan-2018 09:25:31.376 INFOS [localhost-startStop-1] org.apache.jasper.servlet.TldScanner.scanJars At least one JAR was scanned for TLDs yet contained no TLDs. Enable debug logging for this logger for a complete list of JARs that were scanned but no TLDs were found in them. Skipping unneeded JARs during scanning can improve startup time and JSP compilation time.
24-Jan-2018 09:25:31.378 INFOS [localhost-startStop-1] org.apache.catalina.startup.HostConfig.deployDirectory Deployment of web application directory /home/infoetu/lamboisa/S5/adbdd/apache-tomcat-8.0.46/webapps/docs has finished in 50 ms
24-Jan-2018 09:25:31.378 INFOS [localhost-startStop-1] org.apache.catalina.startup.HostConfig.deployDirectory Déploiement du répertoire /home/infoetu/lamboisa/S5/adbdd/apache-tomcat-8.0.46/webapps/manager de l'application web
24-Jan-2018 09:25:31.440 INFOS [localhost-startStop-1] org.apache.jasper.servlet.TldScanner.scanJars At least one JAR was scanned for TLDs yet contained no TLDs. Enable debug logging for this logger for a complete list of JARs that were scanned but no TLDs were found in them. Skipping unneeded JARs during scanning can improve startup time and JSP compilation time.
24-Jan-2018 09:25:31.444 INFOS [localhost-startStop-1] org.apache.catalina.startup.HostConfig.deployDirectory Deployment of web application directory /home/infoetu/lamboisa/S5/adbdd/apache-tomcat-8.0.46/webapps/manager has finished in 66 ms
24-Jan-2018 09:25:31.444 INFOS [localhost-startStop-1] org.apache.catalina.startup.HostConfig.deployDirectory Déploiement du répertoire /home/infoetu/lamboisa/S5/adbdd/apache-tomcat-8.0.46/webapps/host-manager de l'application web
24-Jan-2018 09:25:31.494 INFOS [localhost-startStop-1] org.apache.jasper.servlet.TldScanner.scanJars At least one JAR was scanned for TLDs yet contained no TLDs. Enable debug logging for this logger for a complete list of JARs that were scanned but no TLDs were found in them. Skipping unneeded JARs during scanning can improve startup time and JSP compilation time.
24-Jan-2018 09:25:31.496 INFOS [localhost-startStop-1] org.apache.catalina.startup.HostConfig.deployDirectory Deployment of web application directory /home/infoetu/lamboisa/S5/adbdd/apache-tomcat-8.0.46/webapps/host-manager has finished in 51 ms
24-Jan-2018 09:25:31.496 INFOS [localhost-startStop-1] org.apache.catalina.startup.HostConfig.deployDirectory Déploiement du répertoire /home/infoetu/lamboisa/S5/adbdd/apache-tomcat-8.0.46/webapps/examples de l'application web
24-Jan-2018 09:25:31.800 INFOS [localhost-startStop-1] org.apache.jasper.servlet.TldScanner.scanJars At least one JAR was scanned for TLDs yet contained no TLDs. Enable debug logging for this logger for a complete list of JARs that were scanned but no TLDs were found in them. Skipping unneeded JARs during scanning can improve startup time and JSP compilation time.
24-Jan-2018 09:25:31.834 INFOS [localhost-startStop-1] org.apache.catalina.startup.HostConfig.deployDirectory Deployment of web application directory /home/infoetu/lamboisa/S5/adbdd/apache-tomcat-8.0.46/webapps/examples has finished in 338 ms
24-Jan-2018 09:25:31.836 INFOS [main] org.apache.coyote.AbstractProtocol.start Starting ProtocolHandler ["http-nio-8080"]
24-Jan-2018 09:25:31.843 INFOS [main] org.apache.coyote.AbstractProtocol.start Starting ProtocolHandler ["ajp-nio-8009"]
24-Jan-2018 09:25:31.850 INFOS [main] org.apache.catalina.startup.Catalina.start Server startup in 958 ms
24-Jan-2018 10:32:05.681 INFOS [Thread-5] org.apache.coyote.AbstractProtocol.pause Pausing ProtocolHandler ["http-nio-8080"]
24-Jan-2018 10:32:05.734 INFOS [Thread-5] org.apache.coyote.AbstractProtocol.pause Pausing ProtocolHandler ["ajp-nio-8009"]
24-Jan-2018 10:32:05.735 INFOS [Thread-5] org.apache.catalina.core.StandardService.stopInternal Arrêt du service Catalina
24-Jan-2018 10:32:05.763 INFOS [Thread-5] org.apache.coyote.AbstractProtocol.stop Stopping ProtocolHandler ["http-nio-8080"]
24-Jan-2018 10:32:05.764 INFOS [Thread-5] org.apache.coyote.AbstractProtocol.stop Stopping ProtocolHandler ["ajp-nio-8009"]
24-Jan-2018 10:32:05.765 INFOS [Thread-5] org.apache.coyote.AbstractProtocol.destroy Destroying ProtocolHandler ["http-nio-8080"]
24-Jan-2018 10:32:05.766 INFOS [Thread-5] org.apache.coyote.AbstractProtocol.destroy Destroying ProtocolHandler ["ajp-nio-8009"]
