06-Feb-2018 12:12:46.048 INFOS [main] org.apache.catalina.startup.VersionLoggerListener.log Server version:        Apache Tomcat/8.0.46
06-Feb-2018 12:12:46.055 INFOS [main] org.apache.catalina.startup.VersionLoggerListener.log Server built:          Aug 10 2017 10:10:31 UTC
06-Feb-2018 12:12:46.055 INFOS [main] org.apache.catalina.startup.VersionLoggerListener.log Server number:         8.0.46.0
06-Feb-2018 12:12:46.055 INFOS [main] org.apache.catalina.startup.VersionLoggerListener.log OS Name:               Linux
06-Feb-2018 12:12:46.055 INFOS [main] org.apache.catalina.startup.VersionLoggerListener.log OS Version:            3.16.0-5-amd64
06-Feb-2018 12:12:46.055 INFOS [main] org.apache.catalina.startup.VersionLoggerListener.log Architecture:          amd64
06-Feb-2018 12:12:46.056 INFOS [main] org.apache.catalina.startup.VersionLoggerListener.log Java Home:             /usr/lib/jvm/jdk-8-oracle-x64/jre
06-Feb-2018 12:12:46.056 INFOS [main] org.apache.catalina.startup.VersionLoggerListener.log JVM Version:           1.8.0_71-b15
06-Feb-2018 12:12:46.056 INFOS [main] org.apache.catalina.startup.VersionLoggerListener.log JVM Vendor:            Oracle Corporation
06-Feb-2018 12:12:46.056 INFOS [main] org.apache.catalina.startup.VersionLoggerListener.log CATALINA_BASE:         /home/infoetu/lamboisa/S5/adbdd/apache-tomcat-8.0.46
06-Feb-2018 12:12:46.056 INFOS [main] org.apache.catalina.startup.VersionLoggerListener.log CATALINA_HOME:         /home/infoetu/lamboisa/S5/adbdd/apache-tomcat-8.0.46
06-Feb-2018 12:12:46.056 INFOS [main] org.apache.catalina.startup.VersionLoggerListener.log Command line argument: -Djava.util.logging.config.file=/home/infoetu/lamboisa/S5/adbdd/apache-tomcat-8.0.46/conf/logging.properties
06-Feb-2018 12:12:46.056 INFOS [main] org.apache.catalina.startup.VersionLoggerListener.log Command line argument: -Djava.util.logging.manager=org.apache.juli.ClassLoaderLogManager
06-Feb-2018 12:12:46.056 INFOS [main] org.apache.catalina.startup.VersionLoggerListener.log Command line argument: -Djdk.tls.ephemeralDHKeySize=2048
06-Feb-2018 12:12:46.056 INFOS [main] org.apache.catalina.startup.VersionLoggerListener.log Command line argument: -Djava.protocol.handler.pkgs=org.apache.catalina.webresources
06-Feb-2018 12:12:46.056 INFOS [main] org.apache.catalina.startup.VersionLoggerListener.log Command line argument: -Djava.endorsed.dirs=/home/infoetu/lamboisa/S5/adbdd/apache-tomcat-8.0.46/endorsed
06-Feb-2018 12:12:46.057 INFOS [main] org.apache.catalina.startup.VersionLoggerListener.log Command line argument: -Dcatalina.base=/home/infoetu/lamboisa/S5/adbdd/apache-tomcat-8.0.46
06-Feb-2018 12:12:46.057 INFOS [main] org.apache.catalina.startup.VersionLoggerListener.log Command line argument: -Dcatalina.home=/home/infoetu/lamboisa/S5/adbdd/apache-tomcat-8.0.46
06-Feb-2018 12:12:46.057 INFOS [main] org.apache.catalina.startup.VersionLoggerListener.log Command line argument: -Djava.io.tmpdir=/home/infoetu/lamboisa/S5/adbdd/apache-tomcat-8.0.46/temp
06-Feb-2018 12:12:46.057 INFOS [main] org.apache.catalina.core.AprLifecycleListener.lifecycleEvent The APR based Apache Tomcat Native library which allows optimal performance in production environments was not found on the java.library.path: /usr/java/packages/lib/amd64:/usr/lib64:/lib64:/lib:/usr/lib
06-Feb-2018 12:12:46.253 INFOS [main] org.apache.coyote.AbstractProtocol.init Initializing ProtocolHandler ["http-nio-8080"]
06-Feb-2018 12:12:46.277 INFOS [main] org.apache.tomcat.util.net.NioSelectorPool.getSharedSelector Using a shared selector for servlet write/read
06-Feb-2018 12:12:46.281 INFOS [main] org.apache.coyote.AbstractProtocol.init Initializing ProtocolHandler ["ajp-nio-8009"]
06-Feb-2018 12:12:46.283 INFOS [main] org.apache.tomcat.util.net.NioSelectorPool.getSharedSelector Using a shared selector for servlet write/read
06-Feb-2018 12:12:46.283 INFOS [main] org.apache.catalina.startup.Catalina.load Initialization processed in 753 ms
06-Feb-2018 12:12:46.319 INFOS [main] org.apache.catalina.core.StandardService.startInternal Démarrage du service Catalina
06-Feb-2018 12:12:46.319 INFOS [main] org.apache.catalina.core.StandardEngine.startInternal Starting Servlet Engine: Apache Tomcat/8.0.46
06-Feb-2018 12:12:46.341 INFOS [localhost-startStop-1] org.apache.catalina.startup.HostConfig.deployDirectory Déploiement du répertoire /home/infoetu/lamboisa/S5/adbdd/apache-tomcat-8.0.46/webapps/ROOT de l'application web
06-Feb-2018 12:12:46.721 INFOS [localhost-startStop-1] org.apache.jasper.servlet.TldScanner.scanJars At least one JAR was scanned for TLDs yet contained no TLDs. Enable debug logging for this logger for a complete list of JARs that were scanned but no TLDs were found in them. Skipping unneeded JARs during scanning can improve startup time and JSP compilation time.
06-Feb-2018 12:12:46.785 INFOS [localhost-startStop-1] org.apache.catalina.startup.HostConfig.deployDirectory Deployment of web application directory /home/infoetu/lamboisa/S5/adbdd/apache-tomcat-8.0.46/webapps/ROOT has finished in 441 ms
06-Feb-2018 12:12:46.785 INFOS [localhost-startStop-1] org.apache.catalina.startup.HostConfig.deployDirectory Déploiement du répertoire /home/infoetu/lamboisa/S5/adbdd/apache-tomcat-8.0.46/webapps/TweetBook de l'application web
06-Feb-2018 12:12:46.793 AVERTISSEMENT [localhost-startStop-1] org.apache.catalina.startup.SetContextPropertiesRule.begin [SetContextPropertiesRule]{Context} Setting property 'debug' to '99' did not find a matching property.
06-Feb-2018 12:12:46.795 AVERTISSEMENT [localhost-startStop-1] org.apache.tomcat.util.digester.SetPropertiesRule.begin [SetPropertiesRule]{Context/Realm} Setting property 'debug' to '99' did not find a matching property.
06-Feb-2018 12:12:47.046 AVERTISSEMENT [localhost-startStop-1] org.apache.tomcat.dbcp.dbcp2.BasicDataSourceFactory.getObjectInstance Name = mabase Property maxActive is not used in DBCP2, use maxTotal instead. maxTotal default value is 8. You have set value of "4" for "maxActive" property, which is being ignored.
06-Feb-2018 12:12:47.060 INFOS [localhost-startStop-1] org.apache.jasper.servlet.TldScanner.scanJars At least one JAR was scanned for TLDs yet contained no TLDs. Enable debug logging for this logger for a complete list of JARs that were scanned but no TLDs were found in them. Skipping unneeded JARs during scanning can improve startup time and JSP compilation time.
06-Feb-2018 12:12:47.068 INFOS [localhost-startStop-1] org.apache.catalina.startup.HostConfig.deployDirectory Deployment of web application directory /home/infoetu/lamboisa/S5/adbdd/apache-tomcat-8.0.46/webapps/TweetBook has finished in 283 ms
06-Feb-2018 12:12:47.069 INFOS [localhost-startStop-1] org.apache.catalina.startup.HostConfig.deployDirectory Déploiement du répertoire /home/infoetu/lamboisa/S5/adbdd/apache-tomcat-8.0.46/webapps/docs de l'application web
06-Feb-2018 12:12:47.128 INFOS [localhost-startStop-1] org.apache.jasper.servlet.TldScanner.scanJars At least one JAR was scanned for TLDs yet contained no TLDs. Enable debug logging for this logger for a complete list of JARs that were scanned but no TLDs were found in them. Skipping unneeded JARs during scanning can improve startup time and JSP compilation time.
06-Feb-2018 12:12:47.130 INFOS [localhost-startStop-1] org.apache.catalina.startup.HostConfig.deployDirectory Deployment of web application directory /home/infoetu/lamboisa/S5/adbdd/apache-tomcat-8.0.46/webapps/docs has finished in 61 ms
06-Feb-2018 12:12:47.130 INFOS [localhost-startStop-1] org.apache.catalina.startup.HostConfig.deployDirectory Déploiement du répertoire /home/infoetu/lamboisa/S5/adbdd/apache-tomcat-8.0.46/webapps/manager de l'application web
06-Feb-2018 12:12:47.219 INFOS [localhost-startStop-1] org.apache.jasper.servlet.TldScanner.scanJars At least one JAR was scanned for TLDs yet contained no TLDs. Enable debug logging for this logger for a complete list of JARs that were scanned but no TLDs were found in them. Skipping unneeded JARs during scanning can improve startup time and JSP compilation time.
06-Feb-2018 12:12:47.225 INFOS [localhost-startStop-1] org.apache.catalina.startup.HostConfig.deployDirectory Deployment of web application directory /home/infoetu/lamboisa/S5/adbdd/apache-tomcat-8.0.46/webapps/manager has finished in 94 ms
06-Feb-2018 12:12:47.225 INFOS [localhost-startStop-1] org.apache.catalina.startup.HostConfig.deployDirectory Déploiement du répertoire /home/infoetu/lamboisa/S5/adbdd/apache-tomcat-8.0.46/webapps/host-manager de l'application web
06-Feb-2018 12:12:47.283 INFOS [localhost-startStop-1] org.apache.jasper.servlet.TldScanner.scanJars At least one JAR was scanned for TLDs yet contained no TLDs. Enable debug logging for this logger for a complete list of JARs that were scanned but no TLDs were found in them. Skipping unneeded JARs during scanning can improve startup time and JSP compilation time.
06-Feb-2018 12:12:47.287 INFOS [localhost-startStop-1] org.apache.catalina.startup.HostConfig.deployDirectory Deployment of web application directory /home/infoetu/lamboisa/S5/adbdd/apache-tomcat-8.0.46/webapps/host-manager has finished in 62 ms
06-Feb-2018 12:12:47.287 INFOS [localhost-startStop-1] org.apache.catalina.startup.HostConfig.deployDirectory Déploiement du répertoire /home/infoetu/lamboisa/S5/adbdd/apache-tomcat-8.0.46/webapps/examples de l'application web
06-Feb-2018 12:12:47.704 INFOS [localhost-startStop-1] org.apache.jasper.servlet.TldScanner.scanJars At least one JAR was scanned for TLDs yet contained no TLDs. Enable debug logging for this logger for a complete list of JARs that were scanned but no TLDs were found in them. Skipping unneeded JARs during scanning can improve startup time and JSP compilation time.
06-Feb-2018 12:12:47.740 INFOS [localhost-startStop-1] org.apache.catalina.startup.HostConfig.deployDirectory Deployment of web application directory /home/infoetu/lamboisa/S5/adbdd/apache-tomcat-8.0.46/webapps/examples has finished in 453 ms
06-Feb-2018 12:12:47.742 INFOS [main] org.apache.coyote.AbstractProtocol.start Starting ProtocolHandler ["http-nio-8080"]
06-Feb-2018 12:12:47.763 INFOS [main] org.apache.coyote.AbstractProtocol.start Starting ProtocolHandler ["ajp-nio-8009"]
06-Feb-2018 12:12:47.772 INFOS [main] org.apache.catalina.startup.Catalina.start Server startup in 1488 ms
06-Feb-2018 12:31:28.578 INFOS [ContainerBackgroundProcessor[StandardEngine[Catalina]]] org.apache.catalina.startup.HostConfig.undeploy Repli (undeploy) de l'application web ayant pour chemin de contexte /TweetBook
06-Feb-2018 12:31:28.613 INFOS [localhost-startStop-2] org.apache.catalina.startup.HostConfig.deployDirectory Déploiement du répertoire /home/infoetu/lamboisa/S5/adbdd/apache-tomcat-8.0.46/webapps/TweetBook_old de l'application web
06-Feb-2018 12:31:28.617 AVERTISSEMENT [localhost-startStop-2] org.apache.catalina.startup.SetContextPropertiesRule.begin [SetContextPropertiesRule]{Context} Setting property 'debug' to '99' did not find a matching property.
06-Feb-2018 12:31:28.618 AVERTISSEMENT [localhost-startStop-2] org.apache.tomcat.util.digester.SetPropertiesRule.begin [SetPropertiesRule]{Context/Realm} Setting property 'debug' to '99' did not find a matching property.
06-Feb-2018 12:31:28.693 INFOS [localhost-startStop-2] org.apache.jasper.servlet.TldScanner.scanJars At least one JAR was scanned for TLDs yet contained no TLDs. Enable debug logging for this logger for a complete list of JARs that were scanned but no TLDs were found in them. Skipping unneeded JARs during scanning can improve startup time and JSP compilation time.
06-Feb-2018 12:31:28.696 INFOS [localhost-startStop-2] org.apache.catalina.startup.HostConfig.deployDirectory Deployment of web application directory /home/infoetu/lamboisa/S5/adbdd/apache-tomcat-8.0.46/webapps/TweetBook_old has finished in 83 ms
06-Feb-2018 12:31:48.702 INFOS [localhost-startStop-3] org.apache.catalina.startup.HostConfig.deployDirectory Déploiement du répertoire /home/infoetu/lamboisa/S5/adbdd/apache-tomcat-8.0.46/webapps/src de l'application web
06-Feb-2018 12:31:48.803 INFOS [localhost-startStop-3] org.apache.jasper.servlet.TldScanner.scanJars At least one JAR was scanned for TLDs yet contained no TLDs. Enable debug logging for this logger for a complete list of JARs that were scanned but no TLDs were found in them. Skipping unneeded JARs during scanning can improve startup time and JSP compilation time.
06-Feb-2018 12:31:48.805 INFOS [localhost-startStop-3] org.apache.catalina.startup.HostConfig.deployDirectory Deployment of web application directory /home/infoetu/lamboisa/S5/adbdd/apache-tomcat-8.0.46/webapps/src has finished in 103 ms
06-Feb-2018 12:31:48.805 INFOS [localhost-startStop-3] org.apache.catalina.startup.HostConfig.deployDirectory Déploiement du répertoire /home/infoetu/lamboisa/S5/adbdd/apache-tomcat-8.0.46/webapps/bin de l'application web
06-Feb-2018 12:31:48.905 INFOS [localhost-startStop-3] org.apache.jasper.servlet.TldScanner.scanJars At least one JAR was scanned for TLDs yet contained no TLDs. Enable debug logging for this logger for a complete list of JARs that were scanned but no TLDs were found in them. Skipping unneeded JARs during scanning can improve startup time and JSP compilation time.
06-Feb-2018 12:31:48.910 INFOS [localhost-startStop-3] org.apache.catalina.startup.HostConfig.deployDirectory Deployment of web application directory /home/infoetu/lamboisa/S5/adbdd/apache-tomcat-8.0.46/webapps/bin has finished in 105 ms
06-Feb-2018 12:31:48.911 INFOS [localhost-startStop-3] org.apache.catalina.startup.HostConfig.deployDirectory Déploiement du répertoire /home/infoetu/lamboisa/S5/adbdd/apache-tomcat-8.0.46/webapps/.settings de l'application web
06-Feb-2018 12:31:48.970 INFOS [localhost-startStop-3] org.apache.jasper.servlet.TldScanner.scanJars At least one JAR was scanned for TLDs yet contained no TLDs. Enable debug logging for this logger for a complete list of JARs that were scanned but no TLDs were found in them. Skipping unneeded JARs during scanning can improve startup time and JSP compilation time.
06-Feb-2018 12:31:48.972 INFOS [localhost-startStop-3] org.apache.catalina.startup.HostConfig.deployDirectory Deployment of web application directory /home/infoetu/lamboisa/S5/adbdd/apache-tomcat-8.0.46/webapps/.settings has finished in 61 ms
06-Feb-2018 12:32:39.487 INFOS [ContainerBackgroundProcessor[StandardEngine[Catalina]]] org.apache.catalina.startup.HostConfig.undeploy Repli (undeploy) de l'application web ayant pour chemin de contexte 
06-Feb-2018 12:32:39.991 INFOS [ContainerBackgroundProcessor[StandardEngine[Catalina]]] org.apache.catalina.startup.HostConfig.undeploy Repli (undeploy) de l'application web ayant pour chemin de contexte /src
06-Feb-2018 12:32:40.498 INFOS [ContainerBackgroundProcessor[StandardEngine[Catalina]]] org.apache.catalina.startup.HostConfig.undeploy Repli (undeploy) de l'application web ayant pour chemin de contexte /examples
06-Feb-2018 12:32:41.004 INFOS [ContainerBackgroundProcessor[StandardEngine[Catalina]]] org.apache.catalina.startup.HostConfig.undeploy Repli (undeploy) de l'application web ayant pour chemin de contexte /host-manager
06-Feb-2018 12:32:41.508 INFOS [ContainerBackgroundProcessor[StandardEngine[Catalina]]] org.apache.catalina.startup.HostConfig.undeploy Repli (undeploy) de l'application web ayant pour chemin de contexte /.settings
06-Feb-2018 12:32:42.018 INFOS [ContainerBackgroundProcessor[StandardEngine[Catalina]]] org.apache.catalina.startup.HostConfig.undeploy Repli (undeploy) de l'application web ayant pour chemin de contexte /manager
06-Feb-2018 12:32:42.522 INFOS [ContainerBackgroundProcessor[StandardEngine[Catalina]]] org.apache.catalina.startup.HostConfig.undeploy Repli (undeploy) de l'application web ayant pour chemin de contexte /bin
06-Feb-2018 12:32:43.028 INFOS [ContainerBackgroundProcessor[StandardEngine[Catalina]]] org.apache.catalina.startup.HostConfig.undeploy Repli (undeploy) de l'application web ayant pour chemin de contexte /docs
06-Feb-2018 12:32:43.532 INFOS [ContainerBackgroundProcessor[StandardEngine[Catalina]]] org.apache.catalina.startup.HostConfig.undeploy Repli (undeploy) de l'application web ayant pour chemin de contexte /TweetBook_old
06-Feb-2018 12:33:03.540 INFOS [localhost-startStop-4] org.apache.catalina.startup.HostConfig.deployDirectory Déploiement du répertoire /home/infoetu/lamboisa/S5/adbdd/apache-tomcat-8.0.46/webapps/ROOT de l'application web
06-Feb-2018 12:33:03.602 INFOS [localhost-startStop-4] org.apache.catalina.startup.HostConfig.deployDirectory Deployment of web application directory /home/infoetu/lamboisa/S5/adbdd/apache-tomcat-8.0.46/webapps/ROOT has finished in 61 ms
06-Feb-2018 12:33:03.602 INFOS [localhost-startStop-4] org.apache.catalina.startup.HostConfig.deployDirectory Déploiement du répertoire /home/infoetu/lamboisa/S5/adbdd/apache-tomcat-8.0.46/webapps/docs de l'application web
06-Feb-2018 12:33:03.643 INFOS [localhost-startStop-4] org.apache.catalina.startup.HostConfig.deployDirectory Deployment of web application directory /home/infoetu/lamboisa/S5/adbdd/apache-tomcat-8.0.46/webapps/docs has finished in 41 ms
06-Feb-2018 12:33:03.644 INFOS [localhost-startStop-4] org.apache.catalina.startup.HostConfig.deployDirectory Déploiement du répertoire /home/infoetu/lamboisa/S5/adbdd/apache-tomcat-8.0.46/webapps/manager de l'application web
06-Feb-2018 12:33:03.717 INFOS [localhost-startStop-4] org.apache.catalina.startup.HostConfig.deployDirectory Deployment of web application directory /home/infoetu/lamboisa/S5/adbdd/apache-tomcat-8.0.46/webapps/manager has finished in 73 ms
06-Feb-2018 12:33:03.717 INFOS [localhost-startStop-4] org.apache.catalina.startup.HostConfig.deployDirectory Déploiement du répertoire /home/infoetu/lamboisa/S5/adbdd/apache-tomcat-8.0.46/webapps/host-manager de l'application web
06-Feb-2018 12:33:03.768 INFOS [localhost-startStop-4] org.apache.catalina.startup.HostConfig.deployDirectory Deployment of web application directory /home/infoetu/lamboisa/S5/adbdd/apache-tomcat-8.0.46/webapps/host-manager has finished in 51 ms
06-Feb-2018 12:33:03.769 INFOS [localhost-startStop-4] org.apache.catalina.startup.HostConfig.deployDirectory Déploiement du répertoire /home/infoetu/lamboisa/S5/adbdd/apache-tomcat-8.0.46/webapps/examples de l'application web
06-Feb-2018 12:33:04.042 INFOS [localhost-startStop-4] org.apache.catalina.startup.HostConfig.deployDirectory Deployment of web application directory /home/infoetu/lamboisa/S5/adbdd/apache-tomcat-8.0.46/webapps/examples has finished in 273 ms
06-Feb-2018 12:34:04.058 INFOS [localhost-startStop-5] org.apache.catalina.startup.HostConfig.deployDirectory Déploiement du répertoire /home/infoetu/lamboisa/S5/adbdd/apache-tomcat-8.0.46/webapps/build de l'application web
06-Feb-2018 12:34:04.119 INFOS [localhost-startStop-5] org.apache.catalina.startup.HostConfig.deployDirectory Deployment of web application directory /home/infoetu/lamboisa/S5/adbdd/apache-tomcat-8.0.46/webapps/build has finished in 61 ms
06-Feb-2018 12:34:04.122 INFOS [localhost-startStop-5] org.apache.catalina.startup.HostConfig.deployDirectory Déploiement du répertoire /home/infoetu/lamboisa/S5/adbdd/apache-tomcat-8.0.46/webapps/src de l'application web
06-Feb-2018 12:34:04.203 INFOS [localhost-startStop-5] org.apache.catalina.startup.HostConfig.deployDirectory Deployment of web application directory /home/infoetu/lamboisa/S5/adbdd/apache-tomcat-8.0.46/webapps/src has finished in 81 ms
06-Feb-2018 12:34:04.203 INFOS [localhost-startStop-5] org.apache.catalina.startup.HostConfig.deployDirectory Déploiement du répertoire /home/infoetu/lamboisa/S5/adbdd/apache-tomcat-8.0.46/webapps/.settings de l'application web
06-Feb-2018 12:34:04.278 INFOS [localhost-startStop-5] org.apache.catalina.startup.HostConfig.deployDirectory Deployment of web application directory /home/infoetu/lamboisa/S5/adbdd/apache-tomcat-8.0.46/webapps/.settings has finished in 74 ms
06-Feb-2018 12:34:04.283 INFOS [localhost-startStop-5] org.apache.catalina.startup.HostConfig.deployDirectory Déploiement du répertoire /home/infoetu/lamboisa/S5/adbdd/apache-tomcat-8.0.46/webapps/WebContent de l'application web
06-Feb-2018 12:34:04.416 INFOS [localhost-startStop-5] org.apache.catalina.startup.HostConfig.deployDirectory Deployment of web application directory /home/infoetu/lamboisa/S5/adbdd/apache-tomcat-8.0.46/webapps/WebContent has finished in 137 ms
06-Feb-2018 12:34:14.418 INFOS [localhost-startStop-5] org.apache.catalina.startup.HostConfig.deployDirectory Déploiement du répertoire /home/infoetu/lamboisa/S5/adbdd/apache-tomcat-8.0.46/webapps/nouveau dossier de l'application web
06-Feb-2018 12:34:14.463 INFOS [localhost-startStop-5] org.apache.catalina.startup.HostConfig.deployDirectory Deployment of web application directory /home/infoetu/lamboisa/S5/adbdd/apache-tomcat-8.0.46/webapps/nouveau dossier has finished in 45 ms
06-Feb-2018 12:34:24.973 INFOS [ContainerBackgroundProcessor[StandardEngine[Catalina]]] org.apache.catalina.startup.HostConfig.undeploy Repli (undeploy) de l'application web ayant pour chemin de contexte /nouveau dossier
06-Feb-2018 12:34:24.980 INFOS [localhost-startStop-6] org.apache.catalina.startup.HostConfig.deployDirectory Déploiement du répertoire /home/infoetu/lamboisa/S5/adbdd/apache-tomcat-8.0.46/webapps/TweetBook de l'application web
06-Feb-2018 12:34:25.023 INFOS [localhost-startStop-6] org.apache.catalina.startup.HostConfig.deployDirectory Deployment of web application directory /home/infoetu/lamboisa/S5/adbdd/apache-tomcat-8.0.46/webapps/TweetBook has finished in 44 ms
06-Feb-2018 12:34:35.527 INFOS [ContainerBackgroundProcessor[StandardEngine[Catalina]]] org.apache.catalina.startup.HostConfig.undeploy Repli (undeploy) de l'application web ayant pour chemin de contexte /WebContent
06-Feb-2018 12:34:36.035 INFOS [ContainerBackgroundProcessor[StandardEngine[Catalina]]] org.apache.catalina.startup.HostConfig.undeploy Repli (undeploy) de l'application web ayant pour chemin de contexte /src
06-Feb-2018 12:34:36.546 INFOS [ContainerBackgroundProcessor[StandardEngine[Catalina]]] org.apache.catalina.startup.HostConfig.undeploy Repli (undeploy) de l'application web ayant pour chemin de contexte /.settings
06-Feb-2018 12:34:47.055 INFOS [ContainerBackgroundProcessor[StandardEngine[Catalina]]] org.apache.catalina.startup.HostConfig.undeploy Repli (undeploy) de l'application web ayant pour chemin de contexte /build
06-Feb-2018 12:34:57.565 INFOS [ContainerBackgroundProcessor[StandardEngine[Catalina]]] org.apache.catalina.startup.HostConfig.undeploy Repli (undeploy) de l'application web ayant pour chemin de contexte /TweetBook
06-Feb-2018 12:35:07.585 INFOS [localhost-startStop-7] org.apache.catalina.startup.HostConfig.deployDirectory Déploiement du répertoire /home/infoetu/lamboisa/S5/adbdd/apache-tomcat-8.0.46/webapps/TweetBook de l'application web
06-Feb-2018 12:35:07.647 INFOS [localhost-startStop-7] org.apache.catalina.startup.HostConfig.deployDirectory Deployment of web application directory /home/infoetu/lamboisa/S5/adbdd/apache-tomcat-8.0.46/webapps/TweetBook has finished in 62 ms
06-Feb-2018 12:35:17.649 INFOS [localhost-startStop-8] org.apache.catalina.startup.HostConfig.deployDirectory Déploiement du répertoire /home/infoetu/lamboisa/S5/adbdd/apache-tomcat-8.0.46/webapps/bin de l'application web
06-Feb-2018 12:35:17.691 INFOS [localhost-startStop-8] org.apache.catalina.startup.HostConfig.deployDirectory Deployment of web application directory /home/infoetu/lamboisa/S5/adbdd/apache-tomcat-8.0.46/webapps/bin has finished in 41 ms
06-Feb-2018 12:37:58.633 INFOS [Thread-5] org.apache.coyote.AbstractProtocol.pause Pausing ProtocolHandler ["http-nio-8080"]
06-Feb-2018 12:37:58.684 INFOS [Thread-5] org.apache.coyote.AbstractProtocol.pause Pausing ProtocolHandler ["ajp-nio-8009"]
06-Feb-2018 12:37:58.734 INFOS [Thread-5] org.apache.catalina.core.StandardService.stopInternal Arrêt du service Catalina
06-Feb-2018 12:37:58.764 INFOS [Thread-5] org.apache.coyote.AbstractProtocol.stop Stopping ProtocolHandler ["http-nio-8080"]
06-Feb-2018 12:37:58.766 INFOS [Thread-5] org.apache.coyote.AbstractProtocol.stop Stopping ProtocolHandler ["ajp-nio-8009"]
06-Feb-2018 12:37:58.767 INFOS [Thread-5] org.apache.coyote.AbstractProtocol.destroy Destroying ProtocolHandler ["http-nio-8080"]
06-Feb-2018 12:37:58.767 INFOS [Thread-5] org.apache.coyote.AbstractProtocol.destroy Destroying ProtocolHandler ["ajp-nio-8009"]
06-Feb-2018 12:46:12.746 INFOS [main] org.apache.catalina.startup.VersionLoggerListener.log Server version:        Apache Tomcat/8.0.46
06-Feb-2018 12:46:12.747 INFOS [main] org.apache.catalina.startup.VersionLoggerListener.log Server built:          Aug 10 2017 10:10:31 UTC
06-Feb-2018 12:46:12.748 INFOS [main] org.apache.catalina.startup.VersionLoggerListener.log Server number:         8.0.46.0
06-Feb-2018 12:46:12.748 INFOS [main] org.apache.catalina.startup.VersionLoggerListener.log OS Name:               Linux
06-Feb-2018 12:46:12.748 INFOS [main] org.apache.catalina.startup.VersionLoggerListener.log OS Version:            3.16.0-5-amd64
06-Feb-2018 12:46:12.748 INFOS [main] org.apache.catalina.startup.VersionLoggerListener.log Architecture:          amd64
06-Feb-2018 12:46:12.748 INFOS [main] org.apache.catalina.startup.VersionLoggerListener.log Java Home:             /usr/lib/jvm/jdk-8-oracle-x64/jre
06-Feb-2018 12:46:12.748 INFOS [main] org.apache.catalina.startup.VersionLoggerListener.log JVM Version:           1.8.0_71-b15
06-Feb-2018 12:46:12.748 INFOS [main] org.apache.catalina.startup.VersionLoggerListener.log JVM Vendor:            Oracle Corporation
06-Feb-2018 12:46:12.748 INFOS [main] org.apache.catalina.startup.VersionLoggerListener.log CATALINA_BASE:         /home/infoetu/lamboisa/S5/adbdd/apache-tomcat-8.0.46
06-Feb-2018 12:46:12.749 INFOS [main] org.apache.catalina.startup.VersionLoggerListener.log CATALINA_HOME:         /home/infoetu/lamboisa/S5/adbdd/apache-tomcat-8.0.46
06-Feb-2018 12:46:12.749 INFOS [main] org.apache.catalina.startup.VersionLoggerListener.log Command line argument: -Djava.util.logging.config.file=/home/infoetu/lamboisa/S5/adbdd/apache-tomcat-8.0.46/conf/logging.properties
06-Feb-2018 12:46:12.749 INFOS [main] org.apache.catalina.startup.VersionLoggerListener.log Command line argument: -Djava.util.logging.manager=org.apache.juli.ClassLoaderLogManager
06-Feb-2018 12:46:12.749 INFOS [main] org.apache.catalina.startup.VersionLoggerListener.log Command line argument: -Djdk.tls.ephemeralDHKeySize=2048
06-Feb-2018 12:46:12.749 INFOS [main] org.apache.catalina.startup.VersionLoggerListener.log Command line argument: -Djava.protocol.handler.pkgs=org.apache.catalina.webresources
06-Feb-2018 12:46:12.750 INFOS [main] org.apache.catalina.startup.VersionLoggerListener.log Command line argument: -Djava.endorsed.dirs=/home/infoetu/lamboisa/S5/adbdd/apache-tomcat-8.0.46/endorsed
06-Feb-2018 12:46:12.750 INFOS [main] org.apache.catalina.startup.VersionLoggerListener.log Command line argument: -Dcatalina.base=/home/infoetu/lamboisa/S5/adbdd/apache-tomcat-8.0.46
06-Feb-2018 12:46:12.750 INFOS [main] org.apache.catalina.startup.VersionLoggerListener.log Command line argument: -Dcatalina.home=/home/infoetu/lamboisa/S5/adbdd/apache-tomcat-8.0.46
06-Feb-2018 12:46:12.750 INFOS [main] org.apache.catalina.startup.VersionLoggerListener.log Command line argument: -Djava.io.tmpdir=/home/infoetu/lamboisa/S5/adbdd/apache-tomcat-8.0.46/temp
06-Feb-2018 12:46:12.750 INFOS [main] org.apache.catalina.core.AprLifecycleListener.lifecycleEvent The APR based Apache Tomcat Native library which allows optimal performance in production environments was not found on the java.library.path: /usr/java/packages/lib/amd64:/usr/lib64:/lib64:/lib:/usr/lib
06-Feb-2018 12:46:12.867 INFOS [main] org.apache.coyote.AbstractProtocol.init Initializing ProtocolHandler ["http-nio-8080"]
06-Feb-2018 12:46:12.880 INFOS [main] org.apache.tomcat.util.net.NioSelectorPool.getSharedSelector Using a shared selector for servlet write/read
06-Feb-2018 12:46:12.882 INFOS [main] org.apache.coyote.AbstractProtocol.init Initializing ProtocolHandler ["ajp-nio-8009"]
06-Feb-2018 12:46:12.883 INFOS [main] org.apache.tomcat.util.net.NioSelectorPool.getSharedSelector Using a shared selector for servlet write/read
06-Feb-2018 12:46:12.884 INFOS [main] org.apache.catalina.startup.Catalina.load Initialization processed in 457 ms
06-Feb-2018 12:46:12.904 INFOS [main] org.apache.catalina.core.StandardService.startInternal Démarrage du service Catalina
06-Feb-2018 12:46:12.904 INFOS [main] org.apache.catalina.core.StandardEngine.startInternal Starting Servlet Engine: Apache Tomcat/8.0.46
06-Feb-2018 12:46:12.912 INFOS [localhost-startStop-1] org.apache.catalina.startup.HostConfig.deployDirectory Déploiement du répertoire /home/infoetu/lamboisa/S5/adbdd/apache-tomcat-8.0.46/webapps/ROOT de l'application web
06-Feb-2018 12:46:13.219 INFOS [localhost-startStop-1] org.apache.jasper.servlet.TldScanner.scanJars At least one JAR was scanned for TLDs yet contained no TLDs. Enable debug logging for this logger for a complete list of JARs that were scanned but no TLDs were found in them. Skipping unneeded JARs during scanning can improve startup time and JSP compilation time.
06-Feb-2018 12:46:13.263 INFOS [localhost-startStop-1] org.apache.catalina.startup.HostConfig.deployDirectory Deployment of web application directory /home/infoetu/lamboisa/S5/adbdd/apache-tomcat-8.0.46/webapps/ROOT has finished in 350 ms
06-Feb-2018 12:46:13.263 INFOS [localhost-startStop-1] org.apache.catalina.startup.HostConfig.deployDirectory Déploiement du répertoire /home/infoetu/lamboisa/S5/adbdd/apache-tomcat-8.0.46/webapps/TweetBook de l'application web
06-Feb-2018 12:46:13.365 INFOS [localhost-startStop-1] org.apache.jasper.servlet.TldScanner.scanJars At least one JAR was scanned for TLDs yet contained no TLDs. Enable debug logging for this logger for a complete list of JARs that were scanned but no TLDs were found in them. Skipping unneeded JARs during scanning can improve startup time and JSP compilation time.
06-Feb-2018 12:46:13.370 INFOS [localhost-startStop-1] org.apache.catalina.startup.HostConfig.deployDirectory Deployment of web application directory /home/infoetu/lamboisa/S5/adbdd/apache-tomcat-8.0.46/webapps/TweetBook has finished in 107 ms
06-Feb-2018 12:46:13.370 INFOS [localhost-startStop-1] org.apache.catalina.startup.HostConfig.deployDirectory Déploiement du répertoire /home/infoetu/lamboisa/S5/adbdd/apache-tomcat-8.0.46/webapps/docs de l'application web
06-Feb-2018 12:46:13.422 INFOS [localhost-startStop-1] org.apache.jasper.servlet.TldScanner.scanJars At least one JAR was scanned for TLDs yet contained no TLDs. Enable debug logging for this logger for a complete list of JARs that were scanned but no TLDs were found in them. Skipping unneeded JARs during scanning can improve startup time and JSP compilation time.
06-Feb-2018 12:46:13.424 INFOS [localhost-startStop-1] org.apache.catalina.startup.HostConfig.deployDirectory Deployment of web application directory /home/infoetu/lamboisa/S5/adbdd/apache-tomcat-8.0.46/webapps/docs has finished in 54 ms
06-Feb-2018 12:46:13.425 INFOS [localhost-startStop-1] org.apache.catalina.startup.HostConfig.deployDirectory Déploiement du répertoire /home/infoetu/lamboisa/S5/adbdd/apache-tomcat-8.0.46/webapps/manager de l'application web
06-Feb-2018 12:46:13.504 INFOS [localhost-startStop-1] org.apache.jasper.servlet.TldScanner.scanJars At least one JAR was scanned for TLDs yet contained no TLDs. Enable debug logging for this logger for a complete list of JARs that were scanned but no TLDs were found in them. Skipping unneeded JARs during scanning can improve startup time and JSP compilation time.
06-Feb-2018 12:46:13.508 INFOS [localhost-startStop-1] org.apache.catalina.startup.HostConfig.deployDirectory Deployment of web application directory /home/infoetu/lamboisa/S5/adbdd/apache-tomcat-8.0.46/webapps/manager has finished in 83 ms
06-Feb-2018 12:46:13.509 INFOS [localhost-startStop-1] org.apache.catalina.startup.HostConfig.deployDirectory Déploiement du répertoire /home/infoetu/lamboisa/S5/adbdd/apache-tomcat-8.0.46/webapps/bin de l'application web
06-Feb-2018 12:46:13.553 INFOS [localhost-startStop-1] org.apache.jasper.servlet.TldScanner.scanJars At least one JAR was scanned for TLDs yet contained no TLDs. Enable debug logging for this logger for a complete list of JARs that were scanned but no TLDs were found in them. Skipping unneeded JARs during scanning can improve startup time and JSP compilation time.
06-Feb-2018 12:46:13.556 INFOS [localhost-startStop-1] org.apache.catalina.startup.HostConfig.deployDirectory Deployment of web application directory /home/infoetu/lamboisa/S5/adbdd/apache-tomcat-8.0.46/webapps/bin has finished in 47 ms
06-Feb-2018 12:46:13.556 INFOS [localhost-startStop-1] org.apache.catalina.startup.HostConfig.deployDirectory Déploiement du répertoire /home/infoetu/lamboisa/S5/adbdd/apache-tomcat-8.0.46/webapps/host-manager de l'application web
06-Feb-2018 12:46:13.607 INFOS [localhost-startStop-1] org.apache.jasper.servlet.TldScanner.scanJars At least one JAR was scanned for TLDs yet contained no TLDs. Enable debug logging for this logger for a complete list of JARs that were scanned but no TLDs were found in them. Skipping unneeded JARs during scanning can improve startup time and JSP compilation time.
06-Feb-2018 12:46:13.610 INFOS [localhost-startStop-1] org.apache.catalina.startup.HostConfig.deployDirectory Deployment of web application directory /home/infoetu/lamboisa/S5/adbdd/apache-tomcat-8.0.46/webapps/host-manager has finished in 54 ms
06-Feb-2018 12:46:13.610 INFOS [localhost-startStop-1] org.apache.catalina.startup.HostConfig.deployDirectory Déploiement du répertoire /home/infoetu/lamboisa/S5/adbdd/apache-tomcat-8.0.46/webapps/examples de l'application web
06-Feb-2018 12:46:13.940 INFOS [localhost-startStop-1] org.apache.jasper.servlet.TldScanner.scanJars At least one JAR was scanned for TLDs yet contained no TLDs. Enable debug logging for this logger for a complete list of JARs that were scanned but no TLDs were found in them. Skipping unneeded JARs during scanning can improve startup time and JSP compilation time.
06-Feb-2018 12:46:13.991 INFOS [localhost-startStop-1] org.apache.catalina.startup.HostConfig.deployDirectory Deployment of web application directory /home/infoetu/lamboisa/S5/adbdd/apache-tomcat-8.0.46/webapps/examples has finished in 381 ms
06-Feb-2018 12:46:13.999 INFOS [main] org.apache.coyote.AbstractProtocol.start Starting ProtocolHandler ["http-nio-8080"]
06-Feb-2018 12:46:14.014 INFOS [main] org.apache.coyote.AbstractProtocol.start Starting ProtocolHandler ["ajp-nio-8009"]
06-Feb-2018 12:46:14.022 INFOS [main] org.apache.catalina.startup.Catalina.start Server startup in 1138 ms
06-Feb-2018 12:46:55.131 INFOS [Thread-5] org.apache.coyote.AbstractProtocol.pause Pausing ProtocolHandler ["http-nio-8080"]
06-Feb-2018 12:46:55.183 INFOS [Thread-5] org.apache.coyote.AbstractProtocol.pause Pausing ProtocolHandler ["ajp-nio-8009"]
06-Feb-2018 12:46:55.234 INFOS [Thread-5] org.apache.catalina.core.StandardService.stopInternal Arrêt du service Catalina
06-Feb-2018 12:46:55.270 INFOS [Thread-5] org.apache.coyote.AbstractProtocol.stop Stopping ProtocolHandler ["http-nio-8080"]
06-Feb-2018 12:46:55.271 INFOS [Thread-5] org.apache.coyote.AbstractProtocol.stop Stopping ProtocolHandler ["ajp-nio-8009"]
06-Feb-2018 12:46:55.272 INFOS [Thread-5] org.apache.coyote.AbstractProtocol.destroy Destroying ProtocolHandler ["http-nio-8080"]
06-Feb-2018 12:46:55.273 INFOS [Thread-5] org.apache.coyote.AbstractProtocol.destroy Destroying ProtocolHandler ["ajp-nio-8009"]
