07-Feb-2018 08:00:22.971 INFOS [localhost-startStop-1] org.apache.catalina.core.ApplicationContext.log La servlet invoker est marqué comme indisponible
07-Feb-2018 08:00:22.972 GRAVE [localhost-startStop-1] org.apache.catalina.core.StandardContext.loadOnStartup Servlet [invoker] in web application [/TweetBook] threw load() exception
 java.lang.ClassNotFoundException: org.apache.catalina.servlets.InvokerServlet
	at java.net.URLClassLoader.findClass(URLClassLoader.java:381)
	at java.lang.ClassLoader.loadClass(ClassLoader.java:424)
	at java.lang.ClassLoader.loadClass(ClassLoader.java:357)
	at org.apache.catalina.core.DefaultInstanceManager.loadClass(DefaultInstanceManager.java:499)
	at org.apache.catalina.core.DefaultInstanceManager.loadClassMaybePrivileged(DefaultInstanceManager.java:490)
	at org.apache.catalina.core.DefaultInstanceManager.newInstance(DefaultInstanceManager.java:118)
	at org.apache.catalina.core.StandardWrapper.loadServlet(StandardWrapper.java:1091)
	at org.apache.catalina.core.StandardWrapper.load(StandardWrapper.java:1027)
	at org.apache.catalina.core.StandardContext.loadOnStartup(StandardContext.java:5038)
	at org.apache.catalina.core.StandardContext.startInternal(StandardContext.java:5348)
	at org.apache.catalina.util.LifecycleBase.start(LifecycleBase.java:145)
	at org.apache.catalina.core.ContainerBase.addChildInternal(ContainerBase.java:753)
	at org.apache.catalina.core.ContainerBase.addChild(ContainerBase.java:729)
	at org.apache.catalina.core.StandardHost.addChild(StandardHost.java:717)
	at org.apache.catalina.startup.HostConfig.deployDirectory(HostConfig.java:1129)
	at org.apache.catalina.startup.HostConfig$DeployDirectory.run(HostConfig.java:1871)
	at java.util.concurrent.Executors$RunnableAdapter.call(Executors.java:511)
	at java.util.concurrent.FutureTask.run(FutureTask.java:266)
	at java.util.concurrent.ThreadPoolExecutor.runWorker(ThreadPoolExecutor.java:1142)
	at java.util.concurrent.ThreadPoolExecutor$Worker.run(ThreadPoolExecutor.java:617)
	at java.lang.Thread.run(Thread.java:745)

07-Feb-2018 08:00:23.518 INFOS [localhost-startStop-1] org.apache.catalina.core.ApplicationContext.log ContextListener: contextInitialized()
07-Feb-2018 08:00:23.518 INFOS [localhost-startStop-1] org.apache.catalina.core.ApplicationContext.log SessionListener: contextInitialized()
07-Feb-2018 08:00:23.519 INFOS [localhost-startStop-1] org.apache.catalina.core.ApplicationContext.log ContextListener: attributeAdded('StockTicker', 'async.Stockticker@4140a3bb')
07-Feb-2018 09:16:24.487 INFOS [localhost-startStop-2] org.apache.catalina.core.ApplicationContext.log SessionListener: contextDestroyed()
07-Feb-2018 09:16:24.487 INFOS [localhost-startStop-2] org.apache.catalina.core.ApplicationContext.log ContextListener: contextDestroyed()
07-Feb-2018 09:16:26.623 INFOS [localhost-startStop-1] org.apache.catalina.core.ApplicationContext.log La servlet invoker est marqué comme indisponible
07-Feb-2018 09:16:26.623 GRAVE [localhost-startStop-1] org.apache.catalina.core.StandardContext.loadOnStartup Servlet [invoker] in web application [/TweetBook] threw load() exception
 java.lang.ClassNotFoundException: org.apache.catalina.servlets.InvokerServlet
	at java.net.URLClassLoader.findClass(URLClassLoader.java:381)
	at java.lang.ClassLoader.loadClass(ClassLoader.java:424)
	at java.lang.ClassLoader.loadClass(ClassLoader.java:357)
	at org.apache.catalina.core.DefaultInstanceManager.loadClass(DefaultInstanceManager.java:499)
	at org.apache.catalina.core.DefaultInstanceManager.loadClassMaybePrivileged(DefaultInstanceManager.java:490)
	at org.apache.catalina.core.DefaultInstanceManager.newInstance(DefaultInstanceManager.java:118)
	at org.apache.catalina.core.StandardWrapper.loadServlet(StandardWrapper.java:1091)
	at org.apache.catalina.core.StandardWrapper.load(StandardWrapper.java:1027)
	at org.apache.catalina.core.StandardContext.loadOnStartup(StandardContext.java:5038)
	at org.apache.catalina.core.StandardContext.startInternal(StandardContext.java:5348)
	at org.apache.catalina.util.LifecycleBase.start(LifecycleBase.java:145)
	at org.apache.catalina.core.ContainerBase.addChildInternal(ContainerBase.java:753)
	at org.apache.catalina.core.ContainerBase.addChild(ContainerBase.java:729)
	at org.apache.catalina.core.StandardHost.addChild(StandardHost.java:717)
	at org.apache.catalina.startup.HostConfig.deployDirectory(HostConfig.java:1129)
	at org.apache.catalina.startup.HostConfig$DeployDirectory.run(HostConfig.java:1871)
	at java.util.concurrent.Executors$RunnableAdapter.call(Executors.java:511)
	at java.util.concurrent.FutureTask.run(FutureTask.java:266)
	at java.util.concurrent.ThreadPoolExecutor.runWorker(ThreadPoolExecutor.java:1142)
	at java.util.concurrent.ThreadPoolExecutor$Worker.run(ThreadPoolExecutor.java:617)
	at java.lang.Thread.run(Thread.java:745)

07-Feb-2018 09:16:27.244 INFOS [localhost-startStop-1] org.apache.catalina.core.ApplicationContext.log ContextListener: contextInitialized()
07-Feb-2018 09:16:27.244 INFOS [localhost-startStop-1] org.apache.catalina.core.ApplicationContext.log SessionListener: contextInitialized()
07-Feb-2018 09:16:27.245 INFOS [localhost-startStop-1] org.apache.catalina.core.ApplicationContext.log ContextListener: attributeAdded('StockTicker', 'async.Stockticker@468a93d7')
07-Feb-2018 09:16:37.327 INFOS [ContainerBackgroundProcessor[StandardEngine[Catalina]]] org.apache.catalina.core.ApplicationContext.log La servlet invoker est marqué comme indisponible
07-Feb-2018 09:16:37.327 GRAVE [ContainerBackgroundProcessor[StandardEngine[Catalina]]] org.apache.catalina.core.StandardContext.loadOnStartup Servlet [invoker] in web application [/TweetBook] threw load() exception
 java.lang.ClassNotFoundException: org.apache.catalina.servlets.InvokerServlet
	at java.net.URLClassLoader.findClass(URLClassLoader.java:381)
	at java.lang.ClassLoader.loadClass(ClassLoader.java:424)
	at java.lang.ClassLoader.loadClass(ClassLoader.java:357)
	at org.apache.catalina.core.DefaultInstanceManager.loadClass(DefaultInstanceManager.java:499)
	at org.apache.catalina.core.DefaultInstanceManager.loadClassMaybePrivileged(DefaultInstanceManager.java:490)
	at org.apache.catalina.core.DefaultInstanceManager.newInstance(DefaultInstanceManager.java:118)
	at org.apache.catalina.core.StandardWrapper.loadServlet(StandardWrapper.java:1091)
	at org.apache.catalina.core.StandardWrapper.load(StandardWrapper.java:1027)
	at org.apache.catalina.core.StandardContext.loadOnStartup(StandardContext.java:5038)
	at org.apache.catalina.core.StandardContext.startInternal(StandardContext.java:5348)
	at org.apache.catalina.util.LifecycleBase.start(LifecycleBase.java:145)
	at org.apache.catalina.core.StandardContext.reload(StandardContext.java:3869)
	at org.apache.catalina.loader.WebappLoader.backgroundProcess(WebappLoader.java:291)
	at org.apache.catalina.core.StandardContext.backgroundProcess(StandardContext.java:5671)
	at org.apache.catalina.core.ContainerBase$ContainerBackgroundProcessor.processChildren(ContainerBase.java:1377)
	at org.apache.catalina.core.ContainerBase$ContainerBackgroundProcessor.processChildren(ContainerBase.java:1381)
	at org.apache.catalina.core.ContainerBase$ContainerBackgroundProcessor.processChildren(ContainerBase.java:1381)
	at org.apache.catalina.core.ContainerBase$ContainerBackgroundProcessor.run(ContainerBase.java:1349)
	at java.lang.Thread.run(Thread.java:745)

07-Feb-2018 09:19:17.453 INFOS [ContainerBackgroundProcessor[StandardEngine[Catalina]]] org.apache.catalina.core.ApplicationContext.log La servlet invoker est marqué comme indisponible
07-Feb-2018 09:19:17.453 GRAVE [ContainerBackgroundProcessor[StandardEngine[Catalina]]] org.apache.catalina.core.StandardContext.loadOnStartup Servlet [invoker] in web application [/TweetBook] threw load() exception
 java.lang.ClassNotFoundException: org.apache.catalina.servlets.InvokerServlet
	at java.net.URLClassLoader.findClass(URLClassLoader.java:381)
	at java.lang.ClassLoader.loadClass(ClassLoader.java:424)
	at java.lang.ClassLoader.loadClass(ClassLoader.java:357)
	at org.apache.catalina.core.DefaultInstanceManager.loadClass(DefaultInstanceManager.java:499)
	at org.apache.catalina.core.DefaultInstanceManager.loadClassMaybePrivileged(DefaultInstanceManager.java:490)
	at org.apache.catalina.core.DefaultInstanceManager.newInstance(DefaultInstanceManager.java:118)
	at org.apache.catalina.core.StandardWrapper.loadServlet(StandardWrapper.java:1091)
	at org.apache.catalina.core.StandardWrapper.load(StandardWrapper.java:1027)
	at org.apache.catalina.core.StandardContext.loadOnStartup(StandardContext.java:5038)
	at org.apache.catalina.core.StandardContext.startInternal(StandardContext.java:5348)
	at org.apache.catalina.util.LifecycleBase.start(LifecycleBase.java:145)
	at org.apache.catalina.core.StandardContext.reload(StandardContext.java:3869)
	at org.apache.catalina.loader.WebappLoader.backgroundProcess(WebappLoader.java:291)
	at org.apache.catalina.core.StandardContext.backgroundProcess(StandardContext.java:5671)
	at org.apache.catalina.core.ContainerBase$ContainerBackgroundProcessor.processChildren(ContainerBase.java:1377)
	at org.apache.catalina.core.ContainerBase$ContainerBackgroundProcessor.processChildren(ContainerBase.java:1381)
	at org.apache.catalina.core.ContainerBase$ContainerBackgroundProcessor.processChildren(ContainerBase.java:1381)
	at org.apache.catalina.core.ContainerBase$ContainerBackgroundProcessor.run(ContainerBase.java:1349)
	at java.lang.Thread.run(Thread.java:745)

07-Feb-2018 09:44:38.098 INFOS [ContainerBackgroundProcessor[StandardEngine[Catalina]]] org.apache.catalina.core.ApplicationContext.log La servlet invoker est marqué comme indisponible
07-Feb-2018 09:44:38.098 GRAVE [ContainerBackgroundProcessor[StandardEngine[Catalina]]] org.apache.catalina.core.StandardContext.loadOnStartup Servlet [invoker] in web application [/TweetBook] threw load() exception
 java.lang.ClassNotFoundException: org.apache.catalina.servlets.InvokerServlet
	at java.net.URLClassLoader.findClass(URLClassLoader.java:381)
	at java.lang.ClassLoader.loadClass(ClassLoader.java:424)
	at java.lang.ClassLoader.loadClass(ClassLoader.java:357)
	at org.apache.catalina.core.DefaultInstanceManager.loadClass(DefaultInstanceManager.java:499)
	at org.apache.catalina.core.DefaultInstanceManager.loadClassMaybePrivileged(DefaultInstanceManager.java:490)
	at org.apache.catalina.core.DefaultInstanceManager.newInstance(DefaultInstanceManager.java:118)
	at org.apache.catalina.core.StandardWrapper.loadServlet(StandardWrapper.java:1091)
	at org.apache.catalina.core.StandardWrapper.load(StandardWrapper.java:1027)
	at org.apache.catalina.core.StandardContext.loadOnStartup(StandardContext.java:5038)
	at org.apache.catalina.core.StandardContext.startInternal(StandardContext.java:5348)
	at org.apache.catalina.util.LifecycleBase.start(LifecycleBase.java:145)
	at org.apache.catalina.core.StandardContext.reload(StandardContext.java:3869)
	at org.apache.catalina.loader.WebappLoader.backgroundProcess(WebappLoader.java:291)
	at org.apache.catalina.core.StandardContext.backgroundProcess(StandardContext.java:5671)
	at org.apache.catalina.core.ContainerBase$ContainerBackgroundProcessor.processChildren(ContainerBase.java:1377)
	at org.apache.catalina.core.ContainerBase$ContainerBackgroundProcessor.processChildren(ContainerBase.java:1381)
	at org.apache.catalina.core.ContainerBase$ContainerBackgroundProcessor.processChildren(ContainerBase.java:1381)
	at org.apache.catalina.core.ContainerBase$ContainerBackgroundProcessor.run(ContainerBase.java:1349)
	at java.lang.Thread.run(Thread.java:745)

07-Feb-2018 09:46:18.215 INFOS [ContainerBackgroundProcessor[StandardEngine[Catalina]]] org.apache.catalina.core.ApplicationContext.log La servlet invoker est marqué comme indisponible
07-Feb-2018 09:46:18.215 GRAVE [ContainerBackgroundProcessor[StandardEngine[Catalina]]] org.apache.catalina.core.StandardContext.loadOnStartup Servlet [invoker] in web application [/TweetBook] threw load() exception
 java.lang.ClassNotFoundException: org.apache.catalina.servlets.InvokerServlet
	at java.net.URLClassLoader.findClass(URLClassLoader.java:381)
	at java.lang.ClassLoader.loadClass(ClassLoader.java:424)
	at java.lang.ClassLoader.loadClass(ClassLoader.java:357)
	at org.apache.catalina.core.DefaultInstanceManager.loadClass(DefaultInstanceManager.java:499)
	at org.apache.catalina.core.DefaultInstanceManager.loadClassMaybePrivileged(DefaultInstanceManager.java:490)
	at org.apache.catalina.core.DefaultInstanceManager.newInstance(DefaultInstanceManager.java:118)
	at org.apache.catalina.core.StandardWrapper.loadServlet(StandardWrapper.java:1091)
	at org.apache.catalina.core.StandardWrapper.load(StandardWrapper.java:1027)
	at org.apache.catalina.core.StandardContext.loadOnStartup(StandardContext.java:5038)
	at org.apache.catalina.core.StandardContext.startInternal(StandardContext.java:5348)
	at org.apache.catalina.util.LifecycleBase.start(LifecycleBase.java:145)
	at org.apache.catalina.core.StandardContext.reload(StandardContext.java:3869)
	at org.apache.catalina.loader.WebappLoader.backgroundProcess(WebappLoader.java:291)
	at org.apache.catalina.core.StandardContext.backgroundProcess(StandardContext.java:5671)
	at org.apache.catalina.core.ContainerBase$ContainerBackgroundProcessor.processChildren(ContainerBase.java:1377)
	at org.apache.catalina.core.ContainerBase$ContainerBackgroundProcessor.processChildren(ContainerBase.java:1381)
	at org.apache.catalina.core.ContainerBase$ContainerBackgroundProcessor.processChildren(ContainerBase.java:1381)
	at org.apache.catalina.core.ContainerBase$ContainerBackgroundProcessor.run(ContainerBase.java:1349)
	at java.lang.Thread.run(Thread.java:745)

07-Feb-2018 09:46:40.772 INFOS [localhost-startStop-2] org.apache.catalina.core.ApplicationContext.log SessionListener: contextDestroyed()
07-Feb-2018 09:46:40.772 INFOS [localhost-startStop-2] org.apache.catalina.core.ApplicationContext.log ContextListener: contextDestroyed()
07-Feb-2018 09:46:42.494 INFOS [localhost-startStop-1] org.apache.catalina.core.ApplicationContext.log La servlet invoker est marqué comme indisponible
07-Feb-2018 09:46:42.494 GRAVE [localhost-startStop-1] org.apache.catalina.core.StandardContext.loadOnStartup Servlet [invoker] in web application [/TweetBook] threw load() exception
 java.lang.ClassNotFoundException: org.apache.catalina.servlets.InvokerServlet
	at java.net.URLClassLoader.findClass(URLClassLoader.java:381)
	at java.lang.ClassLoader.loadClass(ClassLoader.java:424)
	at java.lang.ClassLoader.loadClass(ClassLoader.java:357)
	at org.apache.catalina.core.DefaultInstanceManager.loadClass(DefaultInstanceManager.java:499)
	at org.apache.catalina.core.DefaultInstanceManager.loadClassMaybePrivileged(DefaultInstanceManager.java:490)
	at org.apache.catalina.core.DefaultInstanceManager.newInstance(DefaultInstanceManager.java:118)
	at org.apache.catalina.core.StandardWrapper.loadServlet(StandardWrapper.java:1091)
	at org.apache.catalina.core.StandardWrapper.load(StandardWrapper.java:1027)
	at org.apache.catalina.core.StandardContext.loadOnStartup(StandardContext.java:5038)
	at org.apache.catalina.core.StandardContext.startInternal(StandardContext.java:5348)
	at org.apache.catalina.util.LifecycleBase.start(LifecycleBase.java:145)
	at org.apache.catalina.core.ContainerBase.addChildInternal(ContainerBase.java:753)
	at org.apache.catalina.core.ContainerBase.addChild(ContainerBase.java:729)
	at org.apache.catalina.core.StandardHost.addChild(StandardHost.java:717)
	at org.apache.catalina.startup.HostConfig.deployDirectory(HostConfig.java:1129)
	at org.apache.catalina.startup.HostConfig$DeployDirectory.run(HostConfig.java:1871)
	at java.util.concurrent.Executors$RunnableAdapter.call(Executors.java:511)
	at java.util.concurrent.FutureTask.run(FutureTask.java:266)
	at java.util.concurrent.ThreadPoolExecutor.runWorker(ThreadPoolExecutor.java:1142)
	at java.util.concurrent.ThreadPoolExecutor$Worker.run(ThreadPoolExecutor.java:617)
	at java.lang.Thread.run(Thread.java:745)

07-Feb-2018 09:46:43.100 INFOS [localhost-startStop-1] org.apache.catalina.core.ApplicationContext.log ContextListener: contextInitialized()
07-Feb-2018 09:46:43.100 INFOS [localhost-startStop-1] org.apache.catalina.core.ApplicationContext.log SessionListener: contextInitialized()
07-Feb-2018 09:46:43.100 INFOS [localhost-startStop-1] org.apache.catalina.core.ApplicationContext.log ContextListener: attributeAdded('StockTicker', 'async.Stockticker@29b14934')
07-Feb-2018 09:47:29.345 INFOS [localhost-startStop-2] org.apache.catalina.core.ApplicationContext.log SessionListener: contextDestroyed()
07-Feb-2018 09:47:29.345 INFOS [localhost-startStop-2] org.apache.catalina.core.ApplicationContext.log ContextListener: contextDestroyed()
07-Feb-2018 09:47:35.439 INFOS [localhost-startStop-1] org.apache.catalina.core.ApplicationContext.log La servlet invoker est marqué comme indisponible
07-Feb-2018 09:47:35.439 GRAVE [localhost-startStop-1] org.apache.catalina.core.StandardContext.loadOnStartup Servlet [invoker] in web application [/TweetBook] threw load() exception
 java.lang.ClassNotFoundException: org.apache.catalina.servlets.InvokerServlet
	at java.net.URLClassLoader.findClass(URLClassLoader.java:381)
	at java.lang.ClassLoader.loadClass(ClassLoader.java:424)
	at java.lang.ClassLoader.loadClass(ClassLoader.java:357)
	at org.apache.catalina.core.DefaultInstanceManager.loadClass(DefaultInstanceManager.java:499)
	at org.apache.catalina.core.DefaultInstanceManager.loadClassMaybePrivileged(DefaultInstanceManager.java:490)
	at org.apache.catalina.core.DefaultInstanceManager.newInstance(DefaultInstanceManager.java:118)
	at org.apache.catalina.core.StandardWrapper.loadServlet(StandardWrapper.java:1091)
	at org.apache.catalina.core.StandardWrapper.load(StandardWrapper.java:1027)
	at org.apache.catalina.core.StandardContext.loadOnStartup(StandardContext.java:5038)
	at org.apache.catalina.core.StandardContext.startInternal(StandardContext.java:5348)
	at org.apache.catalina.util.LifecycleBase.start(LifecycleBase.java:145)
	at org.apache.catalina.core.ContainerBase.addChildInternal(ContainerBase.java:753)
	at org.apache.catalina.core.ContainerBase.addChild(ContainerBase.java:729)
	at org.apache.catalina.core.StandardHost.addChild(StandardHost.java:717)
	at org.apache.catalina.startup.HostConfig.deployDirectory(HostConfig.java:1129)
	at org.apache.catalina.startup.HostConfig$DeployDirectory.run(HostConfig.java:1871)
	at java.util.concurrent.Executors$RunnableAdapter.call(Executors.java:511)
	at java.util.concurrent.FutureTask.run(FutureTask.java:266)
	at java.util.concurrent.ThreadPoolExecutor.runWorker(ThreadPoolExecutor.java:1142)
	at java.util.concurrent.ThreadPoolExecutor$Worker.run(ThreadPoolExecutor.java:617)
	at java.lang.Thread.run(Thread.java:745)

07-Feb-2018 09:47:35.886 INFOS [localhost-startStop-1] org.apache.catalina.core.ApplicationContext.log ContextListener: contextInitialized()
07-Feb-2018 09:47:35.887 INFOS [localhost-startStop-1] org.apache.catalina.core.ApplicationContext.log SessionListener: contextInitialized()
07-Feb-2018 09:47:35.888 INFOS [localhost-startStop-1] org.apache.catalina.core.ApplicationContext.log ContextListener: attributeAdded('StockTicker', 'async.Stockticker@11cb80a5')
07-Feb-2018 09:51:12.240 INFOS [localhost-startStop-2] org.apache.catalina.core.ApplicationContext.log SessionListener: contextDestroyed()
07-Feb-2018 09:51:12.240 INFOS [localhost-startStop-2] org.apache.catalina.core.ApplicationContext.log ContextListener: contextDestroyed()
07-Feb-2018 09:51:13.906 INFOS [localhost-startStop-1] org.apache.catalina.core.ApplicationContext.log La servlet invoker est marqué comme indisponible
07-Feb-2018 09:51:13.906 GRAVE [localhost-startStop-1] org.apache.catalina.core.StandardContext.loadOnStartup Servlet [invoker] in web application [/TweetBook] threw load() exception
 java.lang.ClassNotFoundException: org.apache.catalina.servlets.InvokerServlet
	at java.net.URLClassLoader.findClass(URLClassLoader.java:381)
	at java.lang.ClassLoader.loadClass(ClassLoader.java:424)
	at java.lang.ClassLoader.loadClass(ClassLoader.java:357)
	at org.apache.catalina.core.DefaultInstanceManager.loadClass(DefaultInstanceManager.java:499)
	at org.apache.catalina.core.DefaultInstanceManager.loadClassMaybePrivileged(DefaultInstanceManager.java:490)
	at org.apache.catalina.core.DefaultInstanceManager.newInstance(DefaultInstanceManager.java:118)
	at org.apache.catalina.core.StandardWrapper.loadServlet(StandardWrapper.java:1091)
	at org.apache.catalina.core.StandardWrapper.load(StandardWrapper.java:1027)
	at org.apache.catalina.core.StandardContext.loadOnStartup(StandardContext.java:5038)
	at org.apache.catalina.core.StandardContext.startInternal(StandardContext.java:5348)
	at org.apache.catalina.util.LifecycleBase.start(LifecycleBase.java:145)
	at org.apache.catalina.core.ContainerBase.addChildInternal(ContainerBase.java:753)
	at org.apache.catalina.core.ContainerBase.addChild(ContainerBase.java:729)
	at org.apache.catalina.core.StandardHost.addChild(StandardHost.java:717)
	at org.apache.catalina.startup.HostConfig.deployDirectory(HostConfig.java:1129)
	at org.apache.catalina.startup.HostConfig$DeployDirectory.run(HostConfig.java:1871)
	at java.util.concurrent.Executors$RunnableAdapter.call(Executors.java:511)
	at java.util.concurrent.FutureTask.run(FutureTask.java:266)
	at java.util.concurrent.ThreadPoolExecutor.runWorker(ThreadPoolExecutor.java:1142)
	at java.util.concurrent.ThreadPoolExecutor$Worker.run(ThreadPoolExecutor.java:617)
	at java.lang.Thread.run(Thread.java:745)

07-Feb-2018 09:51:14.440 INFOS [localhost-startStop-1] org.apache.catalina.core.ApplicationContext.log ContextListener: contextInitialized()
07-Feb-2018 09:51:14.441 INFOS [localhost-startStop-1] org.apache.catalina.core.ApplicationContext.log SessionListener: contextInitialized()
07-Feb-2018 09:51:14.442 INFOS [localhost-startStop-1] org.apache.catalina.core.ApplicationContext.log ContextListener: attributeAdded('StockTicker', 'async.Stockticker@5995cf2e')
07-Feb-2018 09:54:37.292 INFOS [localhost-startStop-2] org.apache.catalina.core.ApplicationContext.log SessionListener: contextDestroyed()
07-Feb-2018 09:54:37.292 INFOS [localhost-startStop-2] org.apache.catalina.core.ApplicationContext.log ContextListener: contextDestroyed()
07-Feb-2018 09:54:42.734 INFOS [localhost-startStop-1] org.apache.catalina.core.ApplicationContext.log La servlet invoker est marqué comme indisponible
07-Feb-2018 09:54:42.734 GRAVE [localhost-startStop-1] org.apache.catalina.core.StandardContext.loadOnStartup Servlet [invoker] in web application [/TweetBook] threw load() exception
 java.lang.ClassNotFoundException: org.apache.catalina.servlets.InvokerServlet
	at java.net.URLClassLoader.findClass(URLClassLoader.java:381)
	at java.lang.ClassLoader.loadClass(ClassLoader.java:424)
	at java.lang.ClassLoader.loadClass(ClassLoader.java:357)
	at org.apache.catalina.core.DefaultInstanceManager.loadClass(DefaultInstanceManager.java:499)
	at org.apache.catalina.core.DefaultInstanceManager.loadClassMaybePrivileged(DefaultInstanceManager.java:490)
	at org.apache.catalina.core.DefaultInstanceManager.newInstance(DefaultInstanceManager.java:118)
	at org.apache.catalina.core.StandardWrapper.loadServlet(StandardWrapper.java:1091)
	at org.apache.catalina.core.StandardWrapper.load(StandardWrapper.java:1027)
	at org.apache.catalina.core.StandardContext.loadOnStartup(StandardContext.java:5038)
	at org.apache.catalina.core.StandardContext.startInternal(StandardContext.java:5348)
	at org.apache.catalina.util.LifecycleBase.start(LifecycleBase.java:145)
	at org.apache.catalina.core.ContainerBase.addChildInternal(ContainerBase.java:753)
	at org.apache.catalina.core.ContainerBase.addChild(ContainerBase.java:729)
	at org.apache.catalina.core.StandardHost.addChild(StandardHost.java:717)
	at org.apache.catalina.startup.HostConfig.deployDirectory(HostConfig.java:1129)
	at org.apache.catalina.startup.HostConfig$DeployDirectory.run(HostConfig.java:1871)
	at java.util.concurrent.Executors$RunnableAdapter.call(Executors.java:511)
	at java.util.concurrent.FutureTask.run(FutureTask.java:266)
	at java.util.concurrent.ThreadPoolExecutor.runWorker(ThreadPoolExecutor.java:1142)
	at java.util.concurrent.ThreadPoolExecutor$Worker.run(ThreadPoolExecutor.java:617)
	at java.lang.Thread.run(Thread.java:745)

07-Feb-2018 09:54:43.311 INFOS [localhost-startStop-1] org.apache.catalina.core.ApplicationContext.log ContextListener: contextInitialized()
07-Feb-2018 09:54:43.311 INFOS [localhost-startStop-1] org.apache.catalina.core.ApplicationContext.log SessionListener: contextInitialized()
07-Feb-2018 09:54:43.312 INFOS [localhost-startStop-1] org.apache.catalina.core.ApplicationContext.log ContextListener: attributeAdded('StockTicker', 'async.Stockticker@5995cf2e')
07-Feb-2018 09:55:52.362 INFOS [localhost-startStop-2] org.apache.catalina.core.ApplicationContext.log SessionListener: contextDestroyed()
07-Feb-2018 09:55:52.362 INFOS [localhost-startStop-2] org.apache.catalina.core.ApplicationContext.log ContextListener: contextDestroyed()
07-Feb-2018 09:55:58.154 INFOS [localhost-startStop-1] org.apache.catalina.core.ApplicationContext.log La servlet invoker est marqué comme indisponible
07-Feb-2018 09:55:58.154 GRAVE [localhost-startStop-1] org.apache.catalina.core.StandardContext.loadOnStartup Servlet [invoker] in web application [/TweetBook] threw load() exception
 java.lang.ClassNotFoundException: org.apache.catalina.servlets.InvokerServlet
	at java.net.URLClassLoader.findClass(URLClassLoader.java:381)
	at java.lang.ClassLoader.loadClass(ClassLoader.java:424)
	at java.lang.ClassLoader.loadClass(ClassLoader.java:357)
	at org.apache.catalina.core.DefaultInstanceManager.loadClass(DefaultInstanceManager.java:499)
	at org.apache.catalina.core.DefaultInstanceManager.loadClassMaybePrivileged(DefaultInstanceManager.java:490)
	at org.apache.catalina.core.DefaultInstanceManager.newInstance(DefaultInstanceManager.java:118)
	at org.apache.catalina.core.StandardWrapper.loadServlet(StandardWrapper.java:1091)
	at org.apache.catalina.core.StandardWrapper.load(StandardWrapper.java:1027)
	at org.apache.catalina.core.StandardContext.loadOnStartup(StandardContext.java:5038)
	at org.apache.catalina.core.StandardContext.startInternal(StandardContext.java:5348)
	at org.apache.catalina.util.LifecycleBase.start(LifecycleBase.java:145)
	at org.apache.catalina.core.ContainerBase.addChildInternal(ContainerBase.java:753)
	at org.apache.catalina.core.ContainerBase.addChild(ContainerBase.java:729)
	at org.apache.catalina.core.StandardHost.addChild(StandardHost.java:717)
	at org.apache.catalina.startup.HostConfig.deployDirectory(HostConfig.java:1129)
	at org.apache.catalina.startup.HostConfig$DeployDirectory.run(HostConfig.java:1871)
	at java.util.concurrent.Executors$RunnableAdapter.call(Executors.java:511)
	at java.util.concurrent.FutureTask.run(FutureTask.java:266)
	at java.util.concurrent.ThreadPoolExecutor.runWorker(ThreadPoolExecutor.java:1142)
	at java.util.concurrent.ThreadPoolExecutor$Worker.run(ThreadPoolExecutor.java:617)
	at java.lang.Thread.run(Thread.java:745)

07-Feb-2018 09:55:58.632 INFOS [localhost-startStop-1] org.apache.catalina.core.ApplicationContext.log ContextListener: contextInitialized()
07-Feb-2018 09:55:58.632 INFOS [localhost-startStop-1] org.apache.catalina.core.ApplicationContext.log SessionListener: contextInitialized()
07-Feb-2018 09:55:58.633 INFOS [localhost-startStop-1] org.apache.catalina.core.ApplicationContext.log ContextListener: attributeAdded('StockTicker', 'async.Stockticker@11cb80a5')
07-Feb-2018 10:21:06.370 INFOS [localhost-startStop-2] org.apache.catalina.core.ApplicationContext.log SessionListener: contextDestroyed()
07-Feb-2018 10:21:06.370 INFOS [localhost-startStop-2] org.apache.catalina.core.ApplicationContext.log ContextListener: contextDestroyed()
